{"numTotalTestSuites":656,"numPassedTestSuites":654,"numFailedTestSuites":0,"numPendingTestSuites":2,"numTotalTests":1136,"numPassedTests":1064,"numFailedTests":0,"numPendingTests":66,"numTodoTests":0,"snapshot":{"added":0,"failure":false,"filesAdded":0,"filesRemoved":0,"filesRemovedList":[],"filesUnmatched":0,"filesUpdated":0,"matched":0,"total":0,"unchecked":0,"uncheckedKeysByFile":[],"unmatched":0,"updated":0,"didUpdate":false},"startTime":1756681881859,"success":true,"testResults":[{"assertionResults":[{"ancestorTitles":["AST Service Verification - REVIEW Phase (Needs RFC-048 Test Mode)","Python SQL Injection Detection"],"fullName":"AST Service Verification - REVIEW Phase (Needs RFC-048 Test Mode) Python SQL Injection Detection should detect SQL injection via string concatenation","status":"skipped","title":"should detect SQL injection via string concatenation","failureMessages":[],"meta":{}},{"ancestorTitles":["AST Service Verification - REVIEW Phase (Needs RFC-048 Test Mode)","Python SQL Injection Detection"],"fullName":"AST Service Verification - REVIEW Phase (Needs RFC-048 Test Mode) Python SQL Injection Detection should detect SQL injection with f-strings","status":"skipped","title":"should detect SQL injection with f-strings","failureMessages":[],"meta":{}},{"ancestorTitles":["AST Service Verification - REVIEW Phase (Needs RFC-048 Test Mode)","JavaScript SQL Injection Detection"],"fullName":"AST Service Verification - REVIEW Phase (Needs RFC-048 Test Mode) JavaScript SQL Injection Detection should detect SQL injection in JavaScript","status":"skipped","title":"should detect SQL injection in JavaScript","failureMessages":[],"meta":{}},{"ancestorTitles":["AST Service Verification - REVIEW Phase (Needs RFC-048 Test Mode)","Ruby Command Injection Detection"],"fullName":"AST Service Verification - REVIEW Phase (Needs RFC-048 Test Mode) Ruby Command Injection Detection should detect command injection in Ruby","status":"skipped","title":"should detect command injection in Ruby","failureMessages":[],"meta":{}},{"ancestorTitles":["AST Service Verification - REVIEW Phase (Needs RFC-048 Test Mode)","PHP XSS Detection"],"fullName":"AST Service Verification - REVIEW Phase (Needs RFC-048 Test Mode) PHP XSS Detection should detect XSS in PHP echo statements","status":"skipped","title":"should detect XSS in PHP echo statements","failureMessages":[],"meta":{}},{"ancestorTitles":["AST Service Verification - REVIEW Phase (Needs RFC-048 Test Mode)","Accuracy Metrics"],"fullName":"AST Service Verification - REVIEW Phase (Needs RFC-048 Test Mode) Accuracy Metrics should achieve >90% accuracy on test corpus","status":"skipped","title":"should achieve >90% accuracy on test corpus","failureMessages":[],"meta":{}},{"ancestorTitles":["AST Service Verification - REVIEW Phase (Needs RFC-048 Test Mode)","Performance Metrics"],"fullName":"AST Service Verification - REVIEW Phase (Needs RFC-048 Test Mode) Performance Metrics should analyze files with acceptable latency","status":"skipped","title":"should analyze files with acceptable latency","failureMessages":[],"meta":{}}],"startTime":1756681881859,"endTime":1756681881859,"status":"passed","message":"","name":"/home/dylan/dev/rsolv/RSOLV-action/test/ast-service-verification.test.ts"},{"assertionResults":[{"ancestorTitles":["Babel Parser Language Support"],"fullName":"Babel Parser Language Support should parse JavaScript code successfully","status":"passed","title":"should parse JavaScript code successfully","duration":12.063094999997702,"failureMessages":[],"meta":{}},{"ancestorTitles":["Babel Parser Language Support"],"fullName":"Babel Parser Language Support should fail to parse Python code","status":"passed","title":"should fail to parse Python code","duration":1.1514569999999367,"failureMessages":[],"meta":{}},{"ancestorTitles":["Babel Parser Language Support"],"fullName":"Babel Parser Language Support should fail to parse Ruby code","status":"passed","title":"should fail to parse Ruby code","duration":0.711144000000786,"failureMessages":[],"meta":{}},{"ancestorTitles":["Babel Parser Language Support"],"fullName":"Babel Parser Language Support should fail to parse PHP code","status":"passed","title":"should fail to parse PHP code","duration":1.1162429999967571,"failureMessages":[],"meta":{}}],"startTime":1756681916561,"endTime":1756681916576.1162,"status":"passed","message":"","name":"/home/dylan/dev/rsolv/RSOLV-action/test/babel-parser-issue.test.ts"},{"assertionResults":[{"ancestorTitles":["SecurityDetectorV3 - Python Support (Needs RFC-048 Test Mode)"],"fullName":"SecurityDetectorV3 - Python Support (Needs RFC-048 Test Mode) should detect SQL injection in Python code using server-side AST","status":"skipped","title":"should detect SQL injection in Python code using server-side AST","failureMessages":[],"meta":{}}],"startTime":1756681881859,"endTime":1756681881859,"status":"passed","message":"","name":"/home/dylan/dev/rsolv/RSOLV-action/test/detector-v3-python.test.ts"},{"assertionResults":[{"ancestorTitles":["Enhanced Context Default Behavior"],"fullName":"Enhanced Context Default Behavior should NOT enable enhanced context by default","status":"passed","title":"should NOT enable enhanced context by default","duration":3752.550664000002,"failureMessages":[],"meta":{}},{"ancestorTitles":["Enhanced Context Default Behavior"],"fullName":"Enhanced Context Default Behavior should enable enhanced context only when explicitly requested","status":"passed","title":"should enable enhanced context only when explicitly requested","duration":3702.4601919999986,"failureMessages":[],"meta":{}}],"startTime":1756681908756,"endTime":1756681916211.4602,"status":"passed","message":"","name":"/home/dylan/dev/rsolv/RSOLV-action/test/enhanced-context-default.test.ts"},{"assertionResults":[{"ancestorTitles":["AST Service Key Exchange","Option 1: Diffie-Hellman Key Exchange (Most Secure)"],"fullName":"AST Service Key Exchange Option 1: Diffie-Hellman Key Exchange (Most Secure) should establish shared secret using DH key exchange","status":"passed","title":"should establish shared secret using DH key exchange","duration":109.79261300000144,"failureMessages":[],"meta":{}},{"ancestorTitles":["AST Service Key Exchange","Option 2: ECDH Key Exchange (Modern & Efficient)"],"fullName":"AST Service Key Exchange Option 2: ECDH Key Exchange (Modern & Efficient) should establish shared secret using ECDH","status":"passed","title":"should establish shared secret using ECDH","duration":1.2686780000003637,"failureMessages":[],"meta":{}},{"ancestorTitles":["AST Service Key Exchange","Option 3: Pre-shared Key with Secure Transport"],"fullName":"AST Service Key Exchange Option 3: Pre-shared Key with Secure Transport should use client-provided key over TLS (simplest secure option)","status":"passed","title":"should use client-provided key over TLS (simplest secure option)","duration":0.6991829999969923,"failureMessages":[],"meta":{}},{"ancestorTitles":["AST Service Key Exchange","Current Implementation Issues"],"fullName":"AST Service Key Exchange Current Implementation Issues should fail when server uses different key than client","status":"passed","title":"should fail when server uses different key than client","duration":0.8056150000011257,"failureMessages":[],"meta":{}}],"startTime":1756681904481,"endTime":1756681904593.8057,"status":"passed","message":"","name":"/home/dylan/dev/rsolv/RSOLV-action/test/key-exchange.test.ts"},{"assertionResults":[{"ancestorTitles":["Memory Investigation"],"fullName":"Memory Investigation should check pattern loading without detection","status":"passed","title":"should check pattern loading without detection","duration":3.343706999999995,"failureMessages":[],"meta":{}},{"ancestorTitles":["Memory Investigation"],"fullName":"Memory Investigation should test small code detection","status":"passed","title":"should test small code detection","duration":2.1156100000007427,"failureMessages":[],"meta":{}},{"ancestorTitles":["Memory Investigation"],"fullName":"Memory Investigation should check AST interpreter directly","status":"passed","title":"should check AST interpreter directly","duration":0.9845980000027339,"failureMessages":[],"meta":{}}],"startTime":1756681911385,"endTime":1756681911390.9846,"status":"passed","message":"","name":"/home/dylan/dev/rsolv/RSOLV-action/test/memory-investigation.test.ts"},{"assertionResults":[{"ancestorTitles":["GREEN Phase - Server AST Integration Working","New Detector with Server AST"],"fullName":"GREEN Phase - Server AST Integration Working New Detector with Server AST should use ElixirASTAnalyzer when API key is provided","status":"passed","title":"should use ElixirASTAnalyzer when API key is provided","duration":1.9636539999992237,"failureMessages":[],"meta":{}},{"ancestorTitles":["GREEN Phase - Server AST Integration Working","New Detector with Server AST"],"fullName":"GREEN Phase - Server AST Integration Working New Detector with Server AST should fall back to client-side AST when no API key","status":"passed","title":"should fall back to client-side AST when no API key","duration":4.050450999999157,"failureMessages":[],"meta":{}},{"ancestorTitles":["GREEN Phase - Server AST Integration Working","New Detector with Server AST"],"fullName":"GREEN Phase - Server AST Integration Working New Detector with Server AST should support multiple languages with server AST","status":"passed","title":"should support multiple languages with server AST","duration":3.3910790000009,"failureMessages":[],"meta":{}},{"ancestorTitles":["GREEN Phase - Server AST Integration Working","New Detector with Server AST"],"fullName":"GREEN Phase - Server AST Integration Working New Detector with Server AST should only support JS/TS without server AST","status":"passed","title":"should only support JS/TS without server AST","duration":3.3276069999992615,"failureMessages":[],"meta":{}},{"ancestorTitles":["GREEN Phase - Server AST Integration Working","Mock Server AST Detection"],"fullName":"GREEN Phase - Server AST Integration Working Mock Server AST Detection should handle Python code through server AST","status":"skipped","title":"should handle Python code through server AST","failureMessages":[],"meta":{}},{"ancestorTitles":["GREEN Phase - Server AST Integration Working","Mock Server AST Detection"],"fullName":"GREEN Phase - Server AST Integration Working Mock Server AST Detection should reject unsupported languages gracefully","status":"passed","title":"should reject unsupported languages gracefully","duration":0.8442080000022543,"failureMessages":[],"meta":{}},{"ancestorTitles":["GREEN Phase - Server AST Integration Working","Configuration Options"],"fullName":"GREEN Phase - Server AST Integration Working Configuration Options should respect useServerAST=false even with API key","status":"passed","title":"should respect useServerAST=false even with API key","duration":4.4218760000003385,"failureMessages":[],"meta":{}},{"ancestorTitles":["GREEN Phase - Server AST Integration Working","Configuration Options"],"fullName":"GREEN Phase - Server AST Integration Working Configuration Options should use environment variables as fallback","status":"passed","title":"should use environment variables as fallback","duration":0.8952320000025793,"failureMessages":[],"meta":{}}],"startTime":1756681905895,"endTime":1756681905914.8953,"status":"passed","message":"","name":"/home/dylan/dev/rsolv/RSOLV-action/test/server-ast-green-phase.test.ts"},{"assertionResults":[{"ancestorTitles":["Server-Side AST Integration - Safe RED Phase Tests","Architecture Tests - Confirm Current State"],"fullName":"Server-Side AST Integration - Safe RED Phase Tests Architecture Tests - Confirm Current State should show detector uses client-side ASTPatternInterpreter","status":"passed","title":"should show detector uses client-side ASTPatternInterpreter","duration":2.6723910000000615,"failureMessages":[],"meta":{}},{"ancestorTitles":["Server-Side AST Integration - Safe RED Phase Tests","Architecture Tests - Confirm Current State"],"fullName":"Server-Side AST Integration - Safe RED Phase Tests Architecture Tests - Confirm Current State should show we need ElixirASTAnalyzer for server-side AST","status":"passed","title":"should show we need ElixirASTAnalyzer for server-side AST","duration":0.689089999999851,"failureMessages":[],"meta":{}},{"ancestorTitles":["Server-Side AST Integration - Safe RED Phase Tests","Language Support Tests - Without Actually Parsing"],"fullName":"Server-Side AST Integration - Safe RED Phase Tests Language Support Tests - Without Actually Parsing should demonstrate that Python detection requires server-side AST","status":"passed","title":"should demonstrate that Python detection requires server-side AST","duration":0.9594820000020263,"failureMessages":[],"meta":{}},{"ancestorTitles":["Server-Side AST Integration - Safe RED Phase Tests","Language Support Tests - Without Actually Parsing"],"fullName":"Server-Side AST Integration - Safe RED Phase Tests Language Support Tests - Without Actually Parsing should show that multi-language support is needed","status":"passed","title":"should show that multi-language support is needed","duration":0.597299999997631,"failureMessages":[],"meta":{}},{"ancestorTitles":["Server-Side AST Integration - Safe RED Phase Tests","Safe Detection Tests - Only JS/TS"],"fullName":"Server-Side AST Integration - Safe RED Phase Tests Safe Detection Tests - Only JS/TS should detect JS vulnerabilities with current system","status":"passed","title":"should detect JS vulnerabilities with current system","duration":2.447415999999066,"failureMessages":[],"meta":{}},{"ancestorTitles":["Server-Side AST Integration - Safe RED Phase Tests","Safe Detection Tests - Only JS/TS"],"fullName":"Server-Side AST Integration - Safe RED Phase Tests Safe Detection Tests - Only JS/TS should NOT attempt to parse non-JS languages with Babel","status":"passed","title":"should NOT attempt to parse non-JS languages with Babel","duration":1.0079919999989215,"failureMessages":[],"meta":{}},{"ancestorTitles":["Server-Side AST Integration - Safe RED Phase Tests","Server-Side AST Requirements"],"fullName":"Server-Side AST Integration - Safe RED Phase Tests Server-Side AST Requirements should require server-side AST for accurate multi-language detection","status":"passed","title":"should require server-side AST for accurate multi-language detection","duration":0.2665309999974852,"failureMessages":[],"meta":{}},{"ancestorTitles":["Server-Side AST Integration - Safe RED Phase Tests","Server-Side AST Requirements"],"fullName":"Server-Side AST Integration - Safe RED Phase Tests Server-Side AST Requirements should show ElixirASTAnalyzer can handle multiple languages","status":"passed","title":"should show ElixirASTAnalyzer can handle multiple languages","duration":0.10356400000091526,"failureMessages":[],"meta":{}}],"startTime":1756681904127,"endTime":1756681904136.2666,"status":"passed","message":"","name":"/home/dylan/dev/rsolv/RSOLV-action/test/server-ast-integration-safe.test.ts"},{"assertionResults":[{"ancestorTitles":["Server-Side AST Integration","AST Integration Tests"],"fullName":"Server-Side AST Integration AST Integration Tests should use ASTPatternInterpreter for vulnerability detection","status":"passed","title":"should use ASTPatternInterpreter for vulnerability detection","duration":2.769373999999516,"failureMessages":[],"meta":{}},{"ancestorTitles":["Server-Side AST Integration","AST Integration Tests"],"fullName":"Server-Side AST Integration AST Integration Tests should detect JavaScript eval injection","status":"passed","title":"should detect JavaScript eval injection","duration":62.285061000000496,"failureMessages":[],"meta":{}},{"ancestorTitles":["Server-Side AST Integration","AST Integration Tests"],"fullName":"Server-Side AST Integration AST Integration Tests should detect Python SQL injection via server AST","status":"skipped","title":"should detect Python SQL injection via server AST","failureMessages":[],"meta":{}},{"ancestorTitles":["Server-Side AST Integration","AST Integration Tests"],"fullName":"Server-Side AST Integration AST Integration Tests should detect Ruby command injection via server AST","status":"skipped","title":"should detect Ruby command injection via server AST","failureMessages":[],"meta":{}},{"ancestorTitles":["Server-Side AST Integration","AST Integration Tests"],"fullName":"Server-Side AST Integration AST Integration Tests should detect PHP XSS via server AST","status":"skipped","title":"should detect PHP XSS via server AST","failureMessages":[],"meta":{}},{"ancestorTitles":["Server-Side AST Integration","AST Integration Tests"],"fullName":"Server-Side AST Integration AST Integration Tests should achieve >90% accuracy on mixed language corpus","status":"skipped","title":"should achieve >90% accuracy on mixed language corpus","failureMessages":[],"meta":{}},{"ancestorTitles":["Server-Side AST Integration","AST Integration Tests"],"fullName":"Server-Side AST Integration AST Integration Tests should use server-side AST service endpoint","status":"skipped","title":"should use server-side AST service endpoint","failureMessages":[],"meta":{}},{"ancestorTitles":["Server-Side AST Integration","Test Infrastructure"],"fullName":"Server-Side AST Integration Test Infrastructure should have ElixirASTAnalyzer class available","status":"passed","title":"should have ElixirASTAnalyzer class available","duration":0.6925270000010642,"failureMessages":[],"meta":{}}],"startTime":1756681893070,"endTime":1756681893135.6926,"status":"passed","message":"","name":"/home/dylan/dev/rsolv/RSOLV-action/test/server-ast-integration.test.ts"},{"assertionResults":[{"ancestorTitles":["RED Phase - Server AST Integration Needed","What We Have vs What We Need"],"fullName":"RED Phase - Server AST Integration Needed What We Have vs What We Need FAILS: detector should use ElixirASTAnalyzer instead of ASTPatternInterpreter","status":"skipped","title":"FAILS: detector should use ElixirASTAnalyzer instead of ASTPatternInterpreter","failureMessages":[],"meta":{}},{"ancestorTitles":["RED Phase - Server AST Integration Needed","What We Have vs What We Need"],"fullName":"RED Phase - Server AST Integration Needed What We Have vs What We Need FAILS: detector should support multiple languages through server AST","status":"skipped","title":"FAILS: detector should support multiple languages through server AST","failureMessages":[],"meta":{}},{"ancestorTitles":["RED Phase - Server AST Integration Needed","Multi-Language Detection Requirements"],"fullName":"RED Phase - Server AST Integration Needed Multi-Language Detection Requirements FAILS: should detect vulnerabilities in Python code","status":"skipped","title":"FAILS: should detect vulnerabilities in Python code","failureMessages":[],"meta":{}},{"ancestorTitles":["RED Phase - Server AST Integration Needed","Integration Point"],"fullName":"RED Phase - Server AST Integration Needed Integration Point FAILS: detector constructor should accept ElixirASTAnalyzer","status":"skipped","title":"FAILS: detector constructor should accept ElixirASTAnalyzer","failureMessages":[],"meta":{}}],"startTime":1756681881859,"endTime":1756681881859,"status":"passed","message":"","name":"/home/dylan/dev/rsolv/RSOLV-action/test/server-ast-red-phase.test.ts"},{"assertionResults":[{"ancestorTitles":["Server-Side AST Unit Tests - RED Phase","Current Implementation Check"],"fullName":"Server-Side AST Unit Tests - RED Phase Current Implementation Check should show that detector uses ASTPatternInterpreter (not ElixirASTAnalyzer)","status":"passed","title":"should show that detector uses ASTPatternInterpreter (not ElixirASTAnalyzer)","duration":1.66504999999961,"failureMessages":[],"meta":{}},{"ancestorTitles":["Server-Side AST Unit Tests - RED Phase","Current Implementation Check"],"fullName":"Server-Side AST Unit Tests - RED Phase Current Implementation Check should show that ASTPatternInterpreter only supports JS/TS","status":"passed","title":"should show that ASTPatternInterpreter only supports JS/TS","duration":0.1669660000006843,"failureMessages":[],"meta":{}},{"ancestorTitles":["Server-Side AST Unit Tests - RED Phase","Desired State - These should guide GREEN phase"],"fullName":"Server-Side AST Unit Tests - RED Phase Desired State - These should guide GREEN phase detector should use ElixirASTAnalyzer for multi-language support","status":"passed","title":"detector should use ElixirASTAnalyzer for multi-language support","duration":0.21005000000150176,"failureMessages":[],"meta":{}},{"ancestorTitles":["Server-Side AST Unit Tests - RED Phase","Memory Safety Check"],"fullName":"Server-Side AST Unit Tests - RED Phase Memory Safety Check should not create detector in a way that causes memory issues","status":"passed","title":"should not create detector in a way that causes memory issues","duration":1.0464409999985946,"failureMessages":[],"meta":{}}],"startTime":1756681909369,"endTime":1756681909372.0464,"status":"passed","message":"","name":"/home/dylan/dev/rsolv/RSOLV-action/test/server-ast-unit.test.ts"},{"assertionResults":[{"ancestorTitles":["Vendor Detection File Extraction (RFC-047 Fix)"],"fullName":"Vendor Detection File Extraction (RFC-047 Fix) should extract files from vulnerabilities with singular \"file\" property","status":"passed","title":"should extract files from vulnerabilities with singular \"file\" property","duration":1.9067169999980251,"failureMessages":[],"meta":{}},{"ancestorTitles":["Vendor Detection File Extraction (RFC-047 Fix)"],"fullName":"Vendor Detection File Extraction (RFC-047 Fix) should extract files from vulnerabilities with plural \"files\" property","status":"passed","title":"should extract files from vulnerabilities with plural \"files\" property","duration":0.3739319999986037,"failureMessages":[],"meta":{}},{"ancestorTitles":["Vendor Detection File Extraction (RFC-047 Fix)"],"fullName":"Vendor Detection File Extraction (RFC-047 Fix) should handle mixed vulnerabilities with both file and files properties","status":"passed","title":"should handle mixed vulnerabilities with both file and files properties","duration":0.3642850000032922,"failureMessages":[],"meta":{}},{"ancestorTitles":["Vendor Detection File Extraction (RFC-047 Fix)"],"fullName":"Vendor Detection File Extraction (RFC-047 Fix) should return empty array for vulnerabilities without file properties","status":"passed","title":"should return empty array for vulnerabilities without file properties","duration":0.5681220000005851,"failureMessages":[],"meta":{}},{"ancestorTitles":["Vendor Detection File Extraction (RFC-047 Fix)"],"fullName":"Vendor Detection File Extraction (RFC-047 Fix) OLD BROKEN CODE: should demonstrate the bug","status":"passed","title":"OLD BROKEN CODE: should demonstrate the bug","duration":0.25275500000134343,"failureMessages":[],"meta":{}}],"startTime":1756681908186,"endTime":1756681908189.568,"status":"passed","message":"","name":"/home/dylan/dev/rsolv/RSOLV-action/test/vendor-detection-file-extraction.test.ts"},{"assertionResults":[{"ancestorTitles":["Issue Limiting Logic"],"fullName":"Issue Limiting Logic should slice issues array when maxIssues is set","status":"passed","title":"should slice issues array when maxIssues is set","duration":2.3173439999991388,"failureMessages":[],"meta":{}},{"ancestorTitles":["Issue Limiting Logic"],"fullName":"Issue Limiting Logic should return all issues when maxIssues is not set","status":"passed","title":"should return all issues when maxIssues is not set","duration":0.43358299999817973,"failureMessages":[],"meta":{}},{"ancestorTitles":["Issue Limiting Logic"],"fullName":"Issue Limiting Logic should return all issues when maxIssues is 0","status":"passed","title":"should return all issues when maxIssues is 0","duration":0.1861800000006042,"failureMessages":[],"meta":{}},{"ancestorTitles":["Issue Limiting Logic"],"fullName":"Issue Limiting Logic should return all issues when maxIssues is greater than issue count","status":"passed","title":"should return all issues when maxIssues is greater than issue count","duration":0.21572000000014668,"failureMessages":[],"meta":{}},{"ancestorTitles":["Issue Limiting Logic"],"fullName":"Issue Limiting Logic should handle single issue limit","status":"passed","title":"should handle single issue limit","duration":0.26595699999961653,"failureMessages":[],"meta":{}},{"ancestorTitles":["Issue Limiting Logic"],"fullName":"Issue Limiting Logic should handle exact match of maxIssues and issue count","status":"passed","title":"should handle exact match of maxIssues and issue count","duration":0.17799100000047474,"failureMessages":[],"meta":{}}],"startTime":1756681908937,"endTime":1756681908940.2659,"status":"passed","message":"","name":"/home/dylan/dev/rsolv/RSOLV-action/src/__tests__/index-maxissues.test.ts"},{"assertionResults":[{"ancestorTitles":["Mode Selection Integration","getModeFromArgs"],"fullName":"Mode Selection Integration getModeFromArgs should extract mode from CLI arguments","status":"passed","title":"should extract mode from CLI arguments","duration":8.11804999999731,"failureMessages":[],"meta":{}},{"ancestorTitles":["Mode Selection Integration","getModeFromArgs"],"fullName":"Mode Selection Integration getModeFromArgs should return undefined when no mode in args","status":"passed","title":"should return undefined when no mode in args","duration":0.5215119999993476,"failureMessages":[],"meta":{}},{"ancestorTitles":["Mode Selection Integration","getExecutionMode"],"fullName":"Mode Selection Integration getExecutionMode should prioritize CLI args over environment variable","status":"passed","title":"should prioritize CLI args over environment variable","duration":0.4255699999994249,"failureMessages":[],"meta":{}},{"ancestorTitles":["Mode Selection Integration","getExecutionMode"],"fullName":"Mode Selection Integration getExecutionMode should use environment variable when no CLI args","status":"passed","title":"should use environment variable when no CLI args","duration":0.2932790000013483,"failureMessages":[],"meta":{}},{"ancestorTitles":["Mode Selection Integration","getExecutionMode"],"fullName":"Mode Selection Integration getExecutionMode should default to \"full\" when no mode specified","status":"passed","title":"should default to \"full\" when no mode specified","duration":0.2547329999979411,"failureMessages":[],"meta":{}},{"ancestorTitles":["Mode Selection Integration","getExecutionMode"],"fullName":"Mode Selection Integration getExecutionMode should support all valid modes","status":"passed","title":"should support all valid modes","duration":0.3790599999992992,"failureMessages":[],"meta":{}},{"ancestorTitles":["Mode Selection Integration","getExecutionMode"],"fullName":"Mode Selection Integration getExecutionMode should handle legacy RSOLV_SCAN_MODE for backward compatibility","status":"passed","title":"should handle legacy RSOLV_SCAN_MODE for backward compatibility","duration":0.333135000000766,"failureMessages":[],"meta":{}},{"ancestorTitles":["Mode Selection Integration","validateMode"],"fullName":"Mode Selection Integration validateMode should validate mode is supported","status":"passed","title":"should validate mode is supported","duration":2.715221999998903,"failureMessages":[],"meta":{}},{"ancestorTitles":["Mode Selection Integration","getModeRequirements"],"fullName":"Mode Selection Integration getModeRequirements should return requirements for each mode","status":"passed","title":"should return requirements for each mode","duration":1.1746750000020256,"failureMessages":[],"meta":{}}],"startTime":1756681905294,"endTime":1756681905309.1746,"status":"passed","message":"","name":"/home/dylan/dev/rsolv/RSOLV-action/src/__tests__/mode-integration.test.ts"},{"assertionResults":[{"ancestorTitles":["Workflow Timeout Behavior"],"fullName":"Workflow Timeout Behavior should timeout workflow after 2 minutes","status":"passed","title":"should timeout workflow after 2 minutes","duration":103.45277600000009,"failureMessages":[],"meta":{}},{"ancestorTitles":["Workflow Timeout Behavior"],"fullName":"Workflow Timeout Behavior should complete successfully before timeout","status":"passed","title":"should complete successfully before timeout","duration":1.110902000000351,"failureMessages":[],"meta":{}},{"ancestorTitles":["Workflow Timeout Behavior"],"fullName":"Workflow Timeout Behavior should handle no issues gracefully without timeout","status":"passed","title":"should handle no issues gracefully without timeout","duration":0.48127999999996973,"failureMessages":[],"meta":{}},{"ancestorTitles":["Workflow Timeout Behavior"],"fullName":"Workflow Timeout Behavior should include timeout information in error message","status":"passed","title":"should include timeout information in error message","duration":100.77217699999892,"failureMessages":[],"meta":{}},{"ancestorTitles":["Workflow Timeout Behavior"],"fullName":"Workflow Timeout Behavior should use configured processing options","status":"passed","title":"should use configured processing options","duration":1.6469360000010056,"failureMessages":[],"meta":{}}],"startTime":1756681892160,"endTime":1756681892367.647,"status":"passed","message":"","name":"/home/dylan/dev/rsolv/RSOLV-action/src/__tests__/workflow-timeout.test.ts"},{"assertionResults":[{"ancestorTitles":["SecurityDetectorV2","detect"],"fullName":"SecurityDetectorV2 detect should detect SQL injection vulnerabilities","status":"passed","title":"should detect SQL injection vulnerabilities","duration":2.665219000000434,"failureMessages":[],"meta":{}},{"ancestorTitles":["SecurityDetectorV2","detect"],"fullName":"SecurityDetectorV2 detect should detect XSS vulnerabilities","status":"passed","title":"should detect XSS vulnerabilities","duration":0.9753980000004958,"failureMessages":[],"meta":{}},{"ancestorTitles":["SecurityDetectorV2","detect"],"fullName":"SecurityDetectorV2 detect should not flag safe parameterized queries","status":"passed","title":"should not flag safe parameterized queries","duration":0.4277200000015,"failureMessages":[],"meta":{}},{"ancestorTitles":["SecurityDetectorV2","detect"],"fullName":"SecurityDetectorV2 detect should detect vulnerabilities in Python code","status":"passed","title":"should detect vulnerabilities in Python code","duration":0.6528940000007424,"failureMessages":[],"meta":{}},{"ancestorTitles":["SecurityDetectorV2","detect"],"fullName":"SecurityDetectorV2 detect should handle empty code gracefully","status":"passed","title":"should handle empty code gracefully","duration":0.6098950000014156,"failureMessages":[],"meta":{}},{"ancestorTitles":["SecurityDetectorV2","detect"],"fullName":"SecurityDetectorV2 detect should deduplicate vulnerabilities on the same line","status":"passed","title":"should deduplicate vulnerabilities on the same line","duration":0.42106300000159536,"failureMessages":[],"meta":{}},{"ancestorTitles":["SecurityDetectorV2","detect"],"fullName":"SecurityDetectorV2 detect should assign confidence levels correctly","status":"passed","title":"should assign confidence levels correctly","duration":0.29628199999933713,"failureMessages":[],"meta":{}},{"ancestorTitles":["SecurityDetectorV2","detect"],"fullName":"SecurityDetectorV2 detect should detect dangerous function usage","status":"passed","title":"should detect dangerous function usage","duration":0.3098840000002383,"failureMessages":[],"meta":{}},{"ancestorTitles":["SecurityDetectorV2","with API pattern source"],"fullName":"SecurityDetectorV2 with API pattern source should use API patterns when configured","status":"passed","title":"should use API patterns when configured","duration":2.625536000001375,"failureMessages":[],"meta":{}},{"ancestorTitles":["SecurityDetectorV2","error handling"],"fullName":"SecurityDetectorV2 error handling should handle pattern source errors gracefully","status":"passed","title":"should handle pattern source errors gracefully","duration":0.8651700000009441,"failureMessages":[],"meta":{}}],"startTime":1756681895207,"endTime":1756681895221.8652,"status":"passed","message":"","name":"/home/dylan/dev/rsolv/RSOLV-action/src/security/detector-v2.test.ts"},{"assertionResults":[{"ancestorTitles":["PatternAPIClient - Tier Removal (TDD)","Tier-less Pattern Access"],"fullName":"PatternAPIClient - Tier Removal (TDD) Tier-less Pattern Access fetchPatterns should not include tier parameter in request","status":"passed","title":"fetchPatterns should not include tier parameter in request","duration":3.288868999999977,"failureMessages":[],"meta":{}},{"ancestorTitles":["PatternAPIClient - Tier Removal (TDD)","Tier-less Pattern Access"],"fullName":"PatternAPIClient - Tier Removal (TDD) Tier-less Pattern Access fetchPatterns response should not contain tier fields","status":"passed","title":"fetchPatterns response should not contain tier fields","duration":1.3175910000009026,"failureMessages":[],"meta":{}},{"ancestorTitles":["PatternAPIClient - Tier Removal (TDD)","Tier-less Pattern Access"],"fullName":"PatternAPIClient - Tier Removal (TDD) Tier-less Pattern Access fetchPatterns should return all patterns with valid API key","status":"passed","title":"fetchPatterns should return all patterns with valid API key","duration":1.1566540000003442,"failureMessages":[],"meta":{}},{"ancestorTitles":["PatternAPIClient - Tier Removal (TDD)","Tier-less Pattern Access"],"fullName":"PatternAPIClient - Tier Removal (TDD) Tier-less Pattern Access fetchPatterns without API key should return demo patterns only","status":"passed","title":"fetchPatterns without API key should return demo patterns only","duration":1.004280999999537,"failureMessages":[],"meta":{}},{"ancestorTitles":["PatternAPIClient - Tier Removal (TDD)","Tier-less Pattern Access"],"fullName":"PatternAPIClient - Tier Removal (TDD) Tier-less Pattern Access deprecated fetchPatternsByTier should still work for backward compatibility","status":"passed","title":"deprecated fetchPatternsByTier should still work for backward compatibility","duration":1.0305040000002919,"failureMessages":[],"meta":{}},{"ancestorTitles":["PatternAPIClient - Tier Removal (TDD)","Tier-less Pattern Access"],"fullName":"PatternAPIClient - Tier Removal (TDD) Tier-less Pattern Access PatternResponse type should not require tier fields","status":"passed","title":"PatternResponse type should not require tier fields","duration":0.8089639999998326,"failureMessages":[],"meta":{}},{"ancestorTitles":["PatternAPIClient - Tier Removal (TDD)","Tier-less Pattern Access"],"fullName":"PatternAPIClient - Tier Removal (TDD) Tier-less Pattern Access error messages should not mention tiers","status":"passed","title":"error messages should not mention tiers","duration":5.7989159999997355,"failureMessages":[],"meta":{}},{"ancestorTitles":["PatternAPIClient - Tier Removal (TDD)","Pattern counting without tiers"],"fullName":"PatternAPIClient - Tier Removal (TDD) Pattern counting without tiers should return total pattern count across all languages","status":"passed","title":"should return total pattern count across all languages","duration":2.7547769999982847,"failureMessages":[],"meta":{}}],"startTime":1756681892560,"endTime":1756681892577.755,"status":"passed","message":"","name":"/home/dylan/dev/rsolv/RSOLV-action/src/security/pattern-api-client-tier-removal.test.ts"},{"assertionResults":[{"ancestorTitles":["PatternAPIClient","constructor"],"fullName":"PatternAPIClient constructor should use default API URL if not provided","status":"passed","title":"should use default API URL if not provided","duration":8.5,"failureMessages":[],"meta":{}},{"ancestorTitles":["PatternAPIClient","constructor"],"fullName":"PatternAPIClient constructor should use provided API URL","status":"passed","title":"should use provided API URL","duration":0.5981560000000172,"failureMessages":[],"meta":{}},{"ancestorTitles":["PatternAPIClient","constructor"],"fullName":"PatternAPIClient constructor should use API key from config","status":"passed","title":"should use API key from config","duration":0.20835299999998824,"failureMessages":[],"meta":{}},{"ancestorTitles":["PatternAPIClient","constructor"],"fullName":"PatternAPIClient constructor should use API key from environment if not in config","status":"passed","title":"should use API key from environment if not in config","duration":0.14787299999989045,"failureMessages":[],"meta":{}},{"ancestorTitles":["PatternAPIClient","fetchPatterns"],"fullName":"PatternAPIClient fetchPatterns should fetch patterns for a language","status":"passed","title":"should fetch patterns for a language","duration":8.4150580000005,"failureMessages":[],"meta":{}},{"ancestorTitles":["PatternAPIClient","fetchPatterns"],"fullName":"PatternAPIClient fetchPatterns should handle API errors gracefully","status":"passed","title":"should handle API errors gracefully","duration":10.460864999999103,"failureMessages":[],"meta":{}},{"ancestorTitles":["PatternAPIClient","fetchPatterns"],"fullName":"PatternAPIClient fetchPatterns should use cached patterns within TTL","status":"passed","title":"should use cached patterns within TTL","duration":0.6260700000002544,"failureMessages":[],"meta":{}},{"ancestorTitles":["PatternAPIClient","fetchPatterns"],"fullName":"PatternAPIClient fetchPatterns should handle patterns without API key (public only)","status":"passed","title":"should handle patterns without API key (public only)","duration":0.6158980000000156,"failureMessages":[],"meta":{}},{"ancestorTitles":["PatternAPIClient","PatternAPIClient enhanced patterns"],"fullName":"PatternAPIClient PatternAPIClient enhanced patterns should handle enhanced patterns with AST rules","status":"passed","title":"should handle enhanced patterns with AST rules","duration":5.988964000000124,"failureMessages":[],"meta":{}},{"ancestorTitles":["PatternAPIClient","PatternAPIClient enhanced patterns"],"fullName":"PatternAPIClient PatternAPIClient enhanced patterns should handle patterns without enhanced features","status":"passed","title":"should handle patterns without enhanced features","duration":0.5836740000013378,"failureMessages":[],"meta":{}}],"startTime":1756681891312,"endTime":1756681891348.5837,"status":"passed","message":"","name":"/home/dylan/dev/rsolv/RSOLV-action/src/security/pattern-api-client.test.ts"},{"assertionResults":[{"ancestorTitles":["Pattern API Regex Reconstruction Success","Phase 2.2: Successful regex reconstruction"],"fullName":"Pattern API Regex Reconstruction Success Phase 2.2: Successful regex reconstruction should reconstruct regex from serialized format","status":"passed","title":"should reconstruct regex from serialized format","duration":3.036357000000862,"failureMessages":[],"meta":{}},{"ancestorTitles":["Pattern API Regex Reconstruction Success","Phase 2.2: Successful regex reconstruction"],"fullName":"Pattern API Regex Reconstruction Success Phase 2.2: Successful regex reconstruction should handle multiple regex with different flags","status":"passed","title":"should handle multiple regex with different flags","duration":0.7910979999996925,"failureMessages":[],"meta":{}},{"ancestorTitles":["Pattern API Regex Reconstruction Success","Phase 2.2: Successful regex reconstruction"],"fullName":"Pattern API Regex Reconstruction Success Phase 2.2: Successful regex reconstruction should handle regex in AST rules","status":"passed","title":"should handle regex in AST rules","duration":0.4302299999999377,"failureMessages":[],"meta":{}},{"ancestorTitles":["Pattern API Regex Reconstruction Success","Phase 2.2: Successful regex reconstruction"],"fullName":"Pattern API Regex Reconstruction Success Phase 2.2: Successful regex reconstruction should handle regex in context rules","status":"passed","title":"should handle regex in context rules","duration":0.9678539999986242,"failureMessages":[],"meta":{}},{"ancestorTitles":["Pattern API Regex Reconstruction Success","Phase 2.2: Successful regex reconstruction"],"fullName":"Pattern API Regex Reconstruction Success Phase 2.2: Successful regex reconstruction should handle deeply nested regex objects","status":"passed","title":"should handle deeply nested regex objects","duration":0.47474200000033306,"failureMessages":[],"meta":{}},{"ancestorTitles":["Pattern API Regex Reconstruction Success","Phase 2.2: Successful regex reconstruction"],"fullName":"Pattern API Regex Reconstruction Success Phase 2.2: Successful regex reconstruction should handle mixed string and regex patterns gracefully","status":"passed","title":"should handle mixed string and regex patterns gracefully","duration":0.515372000001662,"failureMessages":[],"meta":{}}],"startTime":1756681892875,"endTime":1756681892881.5154,"status":"passed","message":"","name":"/home/dylan/dev/rsolv/RSOLV-action/src/security/pattern-regex-reconstruction-success.test.ts"},{"assertionResults":[{"ancestorTitles":["Pattern API Regex Reconstruction","Phase 2.1: Failing tests for regex reconstruction"],"fullName":"Pattern API Regex Reconstruction Phase 2.1: Failing tests for regex reconstruction should fail to reconstruct regex from serialized format","status":"passed","title":"should fail to reconstruct regex from serialized format","duration":2.3994389999970736,"failureMessages":[],"meta":{}},{"ancestorTitles":["Pattern API Regex Reconstruction","Phase 2.1: Failing tests for regex reconstruction"],"fullName":"Pattern API Regex Reconstruction Phase 2.1: Failing tests for regex reconstruction should fail to handle enhanced pattern response with serialized regex","status":"passed","title":"should fail to handle enhanced pattern response with serialized regex","duration":0.5024990000019898,"failureMessages":[],"meta":{}},{"ancestorTitles":["Pattern API Regex Reconstruction","Phase 2.1: Failing tests for regex reconstruction"],"fullName":"Pattern API Regex Reconstruction Phase 2.1: Failing tests for regex reconstruction should demonstrate the need for regex flag mapping","status":"passed","title":"should demonstrate the need for regex flag mapping","duration":0.9282019999991462,"failureMessages":[],"meta":{}},{"ancestorTitles":["Pattern API Regex Reconstruction","Phase 2.1: Failing tests for regex reconstruction"],"fullName":"Pattern API Regex Reconstruction Phase 2.1: Failing tests for regex reconstruction should fail to handle nested regex in AST rules","status":"passed","title":"should fail to handle nested regex in AST rules","duration":0.2876070000020263,"failureMessages":[],"meta":{}},{"ancestorTitles":["Pattern API Regex Reconstruction","Phase 2.1: Failing tests for regex reconstruction"],"fullName":"Pattern API Regex Reconstruction Phase 2.1: Failing tests for regex reconstruction should fail to handle regex in context rules","status":"passed","title":"should fail to handle regex in context rules","duration":0.3004770000006829,"failureMessages":[],"meta":{}},{"ancestorTitles":["Pattern API Regex Reconstruction","Expected behavior after implementation"],"fullName":"Pattern API Regex Reconstruction Expected behavior after implementation should correctly reconstruct regex from serialized format","status":"passed","title":"should correctly reconstruct regex from serialized format","duration":0.14354200000161654,"failureMessages":[],"meta":{}},{"ancestorTitles":["Pattern API Regex Reconstruction","Expected behavior after implementation"],"fullName":"Pattern API Regex Reconstruction Expected behavior after implementation should handle complex patterns with multiple regex objects","status":"passed","title":"should handle complex patterns with multiple regex objects","duration":0.11992000000100234,"failureMessages":[],"meta":{}}],"startTime":1756681901815,"endTime":1756681901820.1436,"status":"passed","message":"","name":"/home/dylan/dev/rsolv/RSOLV-action/src/security/pattern-regex-reconstruction.test.ts"},{"assertionResults":[{"ancestorTitles":["LocalPatternSource","getPatternsByLanguage"],"fullName":"LocalPatternSource getPatternsByLanguage should return JavaScript patterns","status":"passed","title":"should return JavaScript patterns","duration":2.2223009999997885,"failureMessages":[],"meta":{}},{"ancestorTitles":["LocalPatternSource","getPatternsByLanguage"],"fullName":"LocalPatternSource getPatternsByLanguage should return TypeScript patterns (same as JavaScript)","status":"passed","title":"should return TypeScript patterns (same as JavaScript)","duration":1.6943849999997838,"failureMessages":[],"meta":{}},{"ancestorTitles":["LocalPatternSource","getPatternsByLanguage"],"fullName":"LocalPatternSource getPatternsByLanguage should return empty array for unsupported language","status":"passed","title":"should return empty array for unsupported language","duration":0.44627499999933207,"failureMessages":[],"meta":{}},{"ancestorTitles":["LocalPatternSource","getPatternsByLanguage"],"fullName":"LocalPatternSource getPatternsByLanguage should handle case-insensitive language names","status":"passed","title":"should handle case-insensitive language names","duration":0.7470739999998841,"failureMessages":[],"meta":{}},{"ancestorTitles":["LocalPatternSource","getPatternsByType"],"fullName":"LocalPatternSource getPatternsByType should return patterns of specific type","status":"passed","title":"should return patterns of specific type","duration":0.3088350000007267,"failureMessages":[],"meta":{}},{"ancestorTitles":["LocalPatternSource","getPatternsByType"],"fullName":"LocalPatternSource getPatternsByType should return patterns from all languages","status":"passed","title":"should return patterns from all languages","duration":0.1819210000003295,"failureMessages":[],"meta":{}},{"ancestorTitles":["LocalPatternSource","getAllPatterns"],"fullName":"LocalPatternSource getAllPatterns should return minimal fallback patterns","status":"passed","title":"should return minimal fallback patterns","duration":0.1906810000000405,"failureMessages":[],"meta":{}},{"ancestorTitles":["ApiPatternSource","getPatternsByLanguage"],"fullName":"ApiPatternSource getPatternsByLanguage should fetch patterns from API","status":"passed","title":"should fetch patterns from API","duration":1.2230479999998352,"failureMessages":[],"meta":{}},{"ancestorTitles":["ApiPatternSource","getPatternsByLanguage"],"fullName":"ApiPatternSource getPatternsByLanguage should handle API errors","status":"passed","title":"should handle API errors","duration":1.142598999999791,"failureMessages":[],"meta":{}},{"ancestorTitles":["ApiPatternSource","getAllPatterns"],"fullName":"ApiPatternSource getAllPatterns should fetch patterns for all supported languages","status":"passed","title":"should fetch patterns for all supported languages","duration":1.1915619999999763,"failureMessages":[],"meta":{}},{"ancestorTitles":["ApiPatternSource","getAllPatterns"],"fullName":"ApiPatternSource getAllPatterns should continue fetching even if some languages fail","status":"passed","title":"should continue fetching even if some languages fail","duration":0.928063999999722,"failureMessages":[],"meta":{}},{"ancestorTitles":["HybridPatternSource"],"fullName":"HybridPatternSource should use API source when available","status":"passed","title":"should use API source when available","duration":0.4043520000004719,"failureMessages":[],"meta":{}},{"ancestorTitles":["HybridPatternSource"],"fullName":"HybridPatternSource should fall back to local source on API error","status":"passed","title":"should fall back to local source on API error","duration":0.3187969999999041,"failureMessages":[],"meta":{}},{"ancestorTitles":["createPatternSource"],"fullName":"createPatternSource should create LocalPatternSource when USE_LOCAL_PATTERNS is true","status":"passed","title":"should create LocalPatternSource when USE_LOCAL_PATTERNS is true","duration":0.606061999999838,"failureMessages":[],"meta":{}},{"ancestorTitles":["createPatternSource"],"fullName":"createPatternSource should create HybridPatternSource when API key is provided","status":"passed","title":"should create HybridPatternSource when API key is provided","duration":0.1453849999998056,"failureMessages":[],"meta":{}},{"ancestorTitles":["createPatternSource"],"fullName":"createPatternSource should create LocalPatternSource when no API key is provided","status":"passed","title":"should create LocalPatternSource when no API key is provided","duration":0.0982029999995575,"failureMessages":[],"meta":{}},{"ancestorTitles":["createPatternSource"],"fullName":"createPatternSource should pass API URL to HybridPatternSource","status":"passed","title":"should pass API URL to HybridPatternSource","duration":0.10180900000068505,"failureMessages":[],"meta":{}}],"startTime":1756681886342,"endTime":1756681886354.1453,"status":"passed","message":"","name":"/home/dylan/dev/rsolv/RSOLV-action/src/security/pattern-source.test.ts"},{"assertionResults":[{"ancestorTitles":["IssueEnricher - Validation Endpoint Regression","AST validation endpoint"],"fullName":"IssueEnricher - Validation Endpoint Regression AST validation endpoint should call /api/v1/ast/validate NOT /ast/validate","status":"passed","title":"should call /api/v1/ast/validate NOT /ast/validate","duration":2.9912860000004002,"failureMessages":[],"meta":{}},{"ancestorTitles":["IssueEnricher - Validation Endpoint Regression","AST validation endpoint"],"fullName":"IssueEnricher - Validation Endpoint Regression AST validation endpoint fixed implementation correctly calls /api/v1/ast/validate","status":"passed","title":"fixed implementation correctly calls /api/v1/ast/validate","duration":0.8192920000001322,"failureMessages":[],"meta":{}},{"ancestorTitles":["IssueEnricher - Validation Endpoint Regression","API request format"],"fullName":"IssueEnricher - Validation Endpoint Regression API request format should send correct payload format for validation","status":"passed","title":"should send correct payload format for validation","duration":0.7858130000004167,"failureMessages":[],"meta":{}},{"ancestorTitles":["IssueEnricher - Validation Endpoint Regression","Error handling"],"fullName":"IssueEnricher - Validation Endpoint Regression Error handling should handle 404 gracefully and return null","status":"passed","title":"should handle 404 gracefully and return null","duration":0.6550819999993109,"failureMessages":[],"meta":{}},{"ancestorTitles":["IssueEnricher - Validation Endpoint Regression","Error handling"],"fullName":"IssueEnricher - Validation Endpoint Regression Error handling should handle network errors gracefully","status":"passed","title":"should handle network errors gracefully","duration":10.588540000000648,"failureMessages":[],"meta":{}},{"ancestorTitles":["IssueEnricher - Fixed Implementation"],"fullName":"IssueEnricher - Fixed Implementation should successfully validate when using correct endpoint","status":"passed","title":"should successfully validate when using correct endpoint","duration":1.1801569999988715,"failureMessages":[],"meta":{}}],"startTime":1756681893484,"endTime":1756681893501.1802,"status":"passed","message":"","name":"/home/dylan/dev/rsolv/RSOLV-action/src/validation/enricher.test.ts"},{"assertionResults":[{"ancestorTitles":["Solution Generation with Fallback"],"fullName":"Solution Generation with Fallback should fall back to standard API when Claude Code is not available","status":"passed","title":"should fall back to standard API when Claude Code is not available","duration":105.83041199999934,"failureMessages":[],"meta":{}},{"ancestorTitles":["Solution Generation with Fallback"],"fullName":"Solution Generation with Fallback should handle real API call with fallback","status":"passed","title":"should handle real API call with fallback","duration":6285.242793000001,"failureMessages":[],"meta":{}}],"startTime":1756681896035,"endTime":1756681902426.2427,"status":"passed","message":"","name":"/home/dylan/dev/rsolv/RSOLV-action/tests/ai/solution-generation.test.ts"},{"assertionResults":[{"ancestorTitles":["GitHub Multi-Label Search"],"fullName":"GitHub Multi-Label Search should search for both configured label and rsolv label","status":"passed","title":"should search for both configured label and rsolv label","duration":7.797707000001537,"failureMessages":[],"meta":{}},{"ancestorTitles":["GitHub Multi-Label Search"],"fullName":"GitHub Multi-Label Search should deduplicate issues when they have multiple matching labels","status":"passed","title":"should deduplicate issues when they have multiple matching labels","duration":4.5756880000008096,"failureMessages":[],"meta":{}}],"startTime":1756681910860,"endTime":1756681910872.5757,"status":"passed","message":"","name":"/home/dylan/dev/rsolv/RSOLV-action/tests/github/multi-label.test.ts"},{"assertionResults":[{"ancestorTitles":["AI Integration"],"fullName":"AI Integration analyzeIssue should analyze an issue and return structured data","status":"passed","title":"analyzeIssue should analyze an issue and return structured data","duration":5.125157000002218,"failureMessages":[],"meta":{}},{"ancestorTitles":["AI Integration"],"fullName":"AI Integration generateSolution should create file changes based on analysis","status":"passed","title":"generateSolution should create file changes based on analysis","duration":202.3941560000021,"failureMessages":[],"meta":{}},{"ancestorTitles":["AI Integration"],"fullName":"AI Integration processIssues should handle multiple issues","status":"passed","title":"processIssues should handle multiple issues","duration":201.53260099999898,"failureMessages":[],"meta":{}}],"startTime":1756681898432,"endTime":1756681898841.5327,"status":"passed","message":"","name":"/home/dylan/dev/rsolv/RSOLV-action/tests/integration/ai-integration.test.ts"},{"assertionResults":[{"ancestorTitles":["Configuration Loading"],"fullName":"Configuration Loading loadConfig should load configuration from environment variables","status":"passed","title":"loadConfig should load configuration from environment variables","duration":10.752511000000595,"failureMessages":[],"meta":{}},{"ancestorTitles":["Configuration Loading"],"fullName":"Configuration Loading loadConfig should load configuration from file","status":"passed","title":"loadConfig should load configuration from file","duration":1.101010000000315,"failureMessages":[],"meta":{}},{"ancestorTitles":["Configuration Loading"],"fullName":"Configuration Loading loadConfig should merge configuration from multiple sources","status":"passed","title":"loadConfig should merge configuration from multiple sources","duration":0.9199790000002395,"failureMessages":[],"meta":{}},{"ancestorTitles":["Configuration Loading"],"fullName":"Configuration Loading loadConfig should use default values for missing properties","status":"passed","title":"loadConfig should use default values for missing properties","duration":0.6003049999999348,"failureMessages":[],"meta":{}},{"ancestorTitles":["Configuration Loading"],"fullName":"Configuration Loading loadConfig should validate configuration","status":"passed","title":"loadConfig should validate configuration","duration":0.641009999999369,"failureMessages":[],"meta":{}},{"ancestorTitles":["Configuration Loading"],"fullName":"Configuration Loading loadConfig should validate configuration schema","status":"passed","title":"loadConfig should validate configuration schema","duration":1.277444999999716,"failureMessages":[],"meta":{}}],"startTime":1756681891838,"endTime":1756681891853.2773,"status":"passed","message":"","name":"/home/dylan/dev/rsolv/RSOLV-action/tests/integration/config.test.ts"},{"assertionResults":[{"ancestorTitles":["Container Integration"],"fullName":"Container Integration setupContainer should set up a container environment","status":"passed","title":"setupContainer should set up a container environment","duration":2.4012169999987236,"failureMessages":[],"meta":{}},{"ancestorTitles":["Container Integration"],"fullName":"Container Integration setupContainer should skip setup if containers are disabled","status":"passed","title":"setupContainer should skip setup if containers are disabled","duration":0.3371050000023388,"failureMessages":[],"meta":{}},{"ancestorTitles":["Container Integration"],"fullName":"Container Integration setupContainer should validate container configuration","status":"passed","title":"setupContainer should validate container configuration","duration":1.5630079999973532,"failureMessages":[],"meta":{}},{"ancestorTitles":["Container Integration"],"fullName":"Container Integration runInContainer should execute a command in a container","status":"passed","title":"runInContainer should execute a command in a container","duration":1.0668939999995928,"failureMessages":[],"meta":{}},{"ancestorTitles":["Container Integration"],"fullName":"Container Integration runInContainer should handle container execution failure","status":"passed","title":"runInContainer should handle container execution failure","duration":1.1995629999983066,"failureMessages":[],"meta":{}}],"startTime":1756681904587,"endTime":1756681904594.1995,"status":"passed","message":"","name":"/home/dylan/dev/rsolv/RSOLV-action/tests/integration/container.test.ts"},{"assertionResults":[{"ancestorTitles":["CredentialManagerSingleton Integration Tests","getInstance"],"fullName":"CredentialManagerSingleton Integration Tests getInstance should create a new instance on first call","status":"passed","title":"should create a new instance on first call","duration":7.863658000000214,"failureMessages":[],"meta":{}},{"ancestorTitles":["CredentialManagerSingleton Integration Tests","getInstance"],"fullName":"CredentialManagerSingleton Integration Tests getInstance should reuse existing instance for same API key","status":"passed","title":"should reuse existing instance for same API key","duration":1.3150829999999587,"failureMessages":[],"meta":{}},{"ancestorTitles":["CredentialManagerSingleton Integration Tests","getInstance"],"fullName":"CredentialManagerSingleton Integration Tests getInstance should create separate instances for different API keys","status":"passed","title":"should create separate instances for different API keys","duration":1.7184590000001663,"failureMessages":[],"meta":{}},{"ancestorTitles":["CredentialManagerSingleton Integration Tests","getInstance"],"fullName":"CredentialManagerSingleton Integration Tests getInstance should retry on initialization failure","status":"passed","title":"should retry on initialization failure","duration":3011.228724,"failureMessages":[],"meta":{}},{"ancestorTitles":["CredentialManagerSingleton Integration Tests","getInstance"],"fullName":"CredentialManagerSingleton Integration Tests getInstance should throw error after max retries","status":"passed","title":"should throw error after max retries","duration":3006.4719540000006,"failureMessages":[],"meta":{}},{"ancestorTitles":["CredentialManagerSingleton Integration Tests","clearInstance"],"fullName":"CredentialManagerSingleton Integration Tests clearInstance should clear a specific instance","status":"passed","title":"should clear a specific instance","duration":0.9905479999997624,"failureMessages":[],"meta":{}},{"ancestorTitles":["CredentialManagerSingleton Integration Tests","clearInstance"],"fullName":"CredentialManagerSingleton Integration Tests clearInstance should handle clearing non-existent instance gracefully","status":"passed","title":"should handle clearing non-existent instance gracefully","duration":0.5211229999986244,"failureMessages":[],"meta":{}},{"ancestorTitles":["CredentialManagerSingleton Integration Tests","cleanup"],"fullName":"CredentialManagerSingleton Integration Tests cleanup should clear all instances","status":"passed","title":"should clear all instances","duration":0.991347000001042,"failureMessages":[],"meta":{}},{"ancestorTitles":["CredentialManagerSingleton Integration Tests","credential refresh"],"fullName":"CredentialManagerSingleton Integration Tests credential refresh should store credentials with proper expiration","status":"passed","title":"should store credentials with proper expiration","duration":1.1435309999997116,"failureMessages":[],"meta":{}},{"ancestorTitles":["CredentialManagerSingleton Integration Tests","concurrent access"],"fullName":"CredentialManagerSingleton Integration Tests concurrent access should handle concurrent getInstance calls for same key","status":"passed","title":"should handle concurrent getInstance calls for same key","duration":0.9902440000005299,"failureMessages":[],"meta":{}}],"startTime":1756681885254,"endTime":1756681891287.9902,"status":"passed","message":"","name":"/home/dylan/dev/rsolv/RSOLV-action/tests/integration/credential-singleton.test.ts"},{"assertionResults":[{"ancestorTitles":["Error Message Sanitization"],"fullName":"Error Message Sanitization should sanitize Anthropic-specific errors","status":"passed","title":"should sanitize Anthropic-specific errors","duration":3.447370999998384,"failureMessages":[],"meta":{}},{"ancestorTitles":["Error Message Sanitization"],"fullName":"Error Message Sanitization should sanitize OpenAI-specific errors","status":"passed","title":"should sanitize OpenAI-specific errors","duration":0.7668919999996433,"failureMessages":[],"meta":{}},{"ancestorTitles":["Error Message Sanitization"],"fullName":"Error Message Sanitization should handle API key errors generically","status":"passed","title":"should handle API key errors generically","duration":0.6333960000010848,"failureMessages":[],"meta":{}},{"ancestorTitles":["Error Message Sanitization"],"fullName":"Error Message Sanitization should handle unsupported provider errors without exposing internal details","status":"passed","title":"should handle unsupported provider errors without exposing internal details","duration":0.2542300000022806,"failureMessages":[],"meta":{}},{"ancestorTitles":["Error Message Sanitization"],"fullName":"Error Message Sanitization should sanitize network errors","status":"passed","title":"should sanitize network errors","duration":0.5838929999990796,"failureMessages":[],"meta":{}},{"ancestorTitles":["Error Message Sanitization"],"fullName":"Error Message Sanitization should provide helpful error messages without exposing implementation details","status":"passed","title":"should provide helpful error messages without exposing implementation details","duration":0.5845750000007683,"failureMessages":[],"meta":{}}],"startTime":1756681903544,"endTime":1756681903550.5845,"status":"passed","message":"","name":"/home/dylan/dev/rsolv/RSOLV-action/tests/integration/error-sanitization.test.ts"},{"assertionResults":[{"ancestorTitles":["External Issue Tracker Integration"],"fullName":"External Issue Tracker Integration handleExternalWebhook should process Jira issues","status":"passed","title":"handleExternalWebhook should process Jira issues","duration":2.5606910000005882,"failureMessages":[],"meta":{}},{"ancestorTitles":["External Issue Tracker Integration"],"fullName":"External Issue Tracker Integration handleExternalWebhook should process Linear issues","status":"passed","title":"handleExternalWebhook should process Linear issues","duration":1.1028320000004896,"failureMessages":[],"meta":{}},{"ancestorTitles":["External Issue Tracker Integration"],"fullName":"External Issue Tracker Integration handleExternalWebhook should handle unsupported sources","status":"passed","title":"handleExternalWebhook should handle unsupported sources","duration":0.3053879999988567,"failureMessages":[],"meta":{}},{"ancestorTitles":["External Issue Tracker Integration"],"fullName":"External Issue Tracker Integration handleExternalWebhook should skip issues without automation label","status":"passed","title":"handleExternalWebhook should skip issues without automation label","duration":0.19714199999907578,"failureMessages":[],"meta":{}},{"ancestorTitles":["External Issue Tracker Integration"],"fullName":"External Issue Tracker Integration getRepositoryFromExternalIssue should map to GitHub repository","status":"passed","title":"getRepositoryFromExternalIssue should map to GitHub repository","duration":0.2664039999999659,"failureMessages":[],"meta":{}},{"ancestorTitles":["External Issue Tracker Integration"],"fullName":"External Issue Tracker Integration getRepositoryFromExternalIssue should fallback to environment variables","status":"passed","title":"getRepositoryFromExternalIssue should fallback to environment variables","duration":0.21146000000044296,"failureMessages":[],"meta":{}}],"startTime":1756681895832,"endTime":1756681895836.2664,"status":"passed","message":"","name":"/home/dylan/dev/rsolv/RSOLV-action/tests/integration/external-integration.test.ts"},{"assertionResults":[{"ancestorTitles":["GitHub Integration","Issue Detection"],"fullName":"GitHub Integration Issue Detection should detect security issues with labels","status":"passed","title":"should detect security issues with labels","duration":4.221804000000702,"failureMessages":[],"meta":{}},{"ancestorTitles":["GitHub Integration","Issue Detection"],"fullName":"GitHub Integration Issue Detection should handle empty issue list","status":"passed","title":"should handle empty issue list","duration":1.1791999999986729,"failureMessages":[],"meta":{}},{"ancestorTitles":["GitHub Integration","Pull Request Creation"],"fullName":"GitHub Integration Pull Request Creation should create a pull request with fixes","status":"passed","title":"should create a pull request with fixes","duration":3.356335999998919,"failureMessages":[],"meta":{}},{"ancestorTitles":["GitHub Integration","File Operations"],"fullName":"GitHub Integration File Operations should get repository files","status":"passed","title":"should get repository files","duration":1.1627370000005612,"failureMessages":[],"meta":{}},{"ancestorTitles":["GitHub Integration","File Operations"],"fullName":"GitHub Integration File Operations should handle file not found","status":"passed","title":"should handle file not found","duration":1.8566890000001877,"failureMessages":[],"meta":{}}],"startTime":1756681892103,"endTime":1756681892115.8567,"status":"passed","message":"","name":"/home/dylan/dev/rsolv/RSOLV-action/tests/integration/github-integration.test.ts"},{"assertionResults":[{"ancestorTitles":["Jira Integration Workflow"],"fullName":"Jira Integration Workflow demonstrates the complete workflow from Jira issue to PR","status":"passed","title":"demonstrates the complete workflow from Jira issue to PR","duration":5.655361000000994,"failureMessages":[],"meta":{}},{"ancestorTitles":["Jira Integration Workflow"],"fullName":"Jira Integration Workflow shows how repository info is extracted from Jira","status":"passed","title":"shows how repository info is extracted from Jira","duration":0.6427499999990687,"failureMessages":[],"meta":{}},{"ancestorTitles":["Jira Integration Workflow"],"fullName":"Jira Integration Workflow shows the Jira configuration in action.yml","status":"passed","title":"shows the Jira configuration in action.yml","duration":1.1202809999995225,"failureMessages":[],"meta":{}}],"startTime":1756681902955,"endTime":1756681902962.1204,"status":"passed","message":"","name":"/home/dylan/dev/rsolv/RSOLV-action/tests/integration/jira-workflow.test.ts"},{"assertionResults":[{"ancestorTitles":["Unified Processor"],"fullName":"Unified Processor processes issues with basic configuration","status":"passed","title":"processes issues with basic configuration","duration":3.9143220000005385,"failureMessages":[],"meta":{}},{"ancestorTitles":["Unified Processor"],"fullName":"Unified Processor processes issues with security analysis enabled","status":"passed","title":"processes issues with security analysis enabled","duration":0.8850839999977325,"failureMessages":[],"meta":{}},{"ancestorTitles":["Unified Processor"],"fullName":"Unified Processor processes issues with enhanced context","status":"passed","title":"processes issues with enhanced context","duration":0.7485439999982191,"failureMessages":[],"meta":{}},{"ancestorTitles":["Unified Processor"],"fullName":"Unified Processor handles multiple issues","status":"passed","title":"handles multiple issues","duration":0.6400350000003527,"failureMessages":[],"meta":{}},{"ancestorTitles":["Unified Processor"],"fullName":"Unified Processor handles processing errors gracefully","status":"passed","title":"handles processing errors gracefully","duration":5.977372999997897,"failureMessages":[],"meta":{}},{"ancestorTitles":["Unified Processor"],"fullName":"Unified Processor respects processing options","status":"passed","title":"respects processing options","duration":0.5839669999986654,"failureMessages":[],"meta":{}}],"startTime":1756681899169,"endTime":1756681899182.584,"status":"passed","message":"","name":"/home/dylan/dev/rsolv/RSOLV-action/tests/integration/unified-processor.test.ts"},{"assertionResults":[{"ancestorTitles":["Vended Credentials Integration","Configuration Property Access"],"fullName":"Vended Credentials Integration Configuration Property Access should access aiProvider properties correctly","status":"passed","title":"should access aiProvider properties correctly","duration":8.061311999999816,"failureMessages":[],"meta":{}},{"ancestorTitles":["Vended Credentials Integration","Configuration Property Access"],"fullName":"Vended Credentials Integration Configuration Property Access should handle legacy config structure gracefully","status":"passed","title":"should handle legacy config structure gracefully","duration":6.661927000000105,"failureMessages":[],"meta":{}},{"ancestorTitles":["Vended Credentials Integration","Provider Comparison"],"fullName":"Vended Credentials Integration Provider Comparison should correctly compare provider names for claude-code","status":"passed","title":"should correctly compare provider names for claude-code","duration":0.6794709999999213,"failureMessages":[],"meta":{}},{"ancestorTitles":["Vended Credentials Integration","Provider Comparison"],"fullName":"Vended Credentials Integration Provider Comparison should not enable enhanced context for non-claude-code providers","status":"passed","title":"should not enable enhanced context for non-claude-code providers","duration":0.5950110000003406,"failureMessages":[],"meta":{}},{"ancestorTitles":["Vended Credentials Integration","Vended Credential Usage"],"fullName":"Vended Credentials Integration Vended Credential Usage should use vended credentials when useVendedCredentials is true","status":"passed","title":"should use vended credentials when useVendedCredentials is true","duration":3.554341999999906,"failureMessages":[],"meta":{}},{"ancestorTitles":["Vended Credentials Integration","Vended Credential Usage"],"fullName":"Vended Credentials Integration Vended Credential Usage should fail gracefully when vended credentials are not available","status":"passed","title":"should fail gracefully when vended credentials are not available","duration":0.936750000000302,"failureMessages":[],"meta":{}},{"ancestorTitles":["Vended Credentials Integration","Vended Credential Usage"],"fullName":"Vended Credentials Integration Vended Credential Usage should use direct API key when useVendedCredentials is false","status":"passed","title":"should use direct API key when useVendedCredentials is false","duration":0.57520999999997,"failureMessages":[],"meta":{}},{"ancestorTitles":["Vended Credentials Integration","Error Message Sanitization"],"fullName":"Vended Credentials Integration Error Message Sanitization should not expose provider names in error messages","status":"passed","title":"should not expose provider names in error messages","duration":0.8559260000001814,"failureMessages":[],"meta":{}},{"ancestorTitles":["Vended Credentials Integration","AI Client Creation"],"fullName":"Vended Credentials Integration AI Client Creation should create AI client with vended credentials","status":"passed","title":"should create AI client with vended credentials","duration":0.578490000000329,"failureMessages":[],"meta":{}},{"ancestorTitles":["Vended Credentials Integration","AI Client Creation"],"fullName":"Vended Credentials Integration AI Client Creation should handle multiple providers with vended credentials","status":"passed","title":"should handle multiple providers with vended credentials","duration":0.8184839999998985,"failureMessages":[],"meta":{}},{"ancestorTitles":["Vended Credentials Integration","AI Client Creation"],"fullName":"Vended Credentials Integration AI Client Creation should throw generic error for unsupported providers","status":"passed","title":"should throw generic error for unsupported providers","duration":1.5937709999998333,"failureMessages":[],"meta":{}}],"startTime":1756681885621,"endTime":1756681885646.5938,"status":"passed","message":"","name":"/home/dylan/dev/rsolv/RSOLV-action/tests/integration/vended-credentials.test.ts"},{"assertionResults":[{"ancestorTitles":["Multi-Platform Issue Detection"],"fullName":"Multi-Platform Issue Detection should detect issues from GitHub only when no other platforms configured","status":"passed","title":"should detect issues from GitHub only when no other platforms configured","duration":4.681431999999404,"failureMessages":[],"meta":{}},{"ancestorTitles":["Multi-Platform Issue Detection"],"fullName":"Multi-Platform Issue Detection should detect issues from both GitHub and Jira when configured","status":"passed","title":"should detect issues from both GitHub and Jira when configured","duration":1.729773999999452,"failureMessages":[],"meta":{}},{"ancestorTitles":["Multi-Platform Issue Detection"],"fullName":"Multi-Platform Issue Detection should handle errors gracefully and continue with other platforms","status":"passed","title":"should handle errors gracefully and continue with other platforms","duration":6.749182999999903,"failureMessages":[],"meta":{}},{"ancestorTitles":["Multi-Platform Issue Detection"],"fullName":"Multi-Platform Issue Detection should extract repository info from Jira issue description","status":"passed","title":"should extract repository info from Jira issue description","duration":1.7379540000001725,"failureMessages":[],"meta":{}}],"startTime":1756681892599,"endTime":1756681892614.738,"status":"passed","message":"","name":"/home/dylan/dev/rsolv/RSOLV-action/tests/platforms/issue-detector.test.ts"},{"assertionResults":[{"ancestorTitles":["Regression: Validation Endpoint Compatibility","Issue #610: API endpoint mismatch"],"fullName":"Regression: Validation Endpoint Compatibility Issue #610: API endpoint mismatch should use /api/v1/vulnerabilities/validate as primary endpoint","status":"passed","title":"should use /api/v1/vulnerabilities/validate as primary endpoint","duration":4.443187999999282,"failureMessages":[],"meta":{}},{"ancestorTitles":["Regression: Validation Endpoint Compatibility","Issue #617: Validation returning actual results"],"fullName":"Regression: Validation Endpoint Compatibility Issue #617: Validation returning actual results should return vulnerability validation results not empty array","status":"passed","title":"should return vulnerability validation results not empty array","duration":2.9399320000011357,"failureMessages":[],"meta":{}},{"ancestorTitles":["Regression: Validation Endpoint Compatibility","Issue #617: Validation returning actual results"],"fullName":"Regression: Validation Endpoint Compatibility Issue #617: Validation returning actual results should handle NoSQL injection with $where correctly","status":"passed","title":"should handle NoSQL injection with $where correctly","duration":0.48466000000007625,"failureMessages":[],"meta":{}},{"ancestorTitles":["Regression: Validation Endpoint Compatibility","Cache functionality regression"],"fullName":"Regression: Validation Endpoint Compatibility Cache functionality regression should include cache stats in response","status":"passed","title":"should include cache stats in response","duration":0.4561709999998129,"failureMessages":[],"meta":{}},{"ancestorTitles":["Regression: Validation Endpoint Compatibility","Error handling regression"],"fullName":"Regression: Validation Endpoint Compatibility Error handling regression should provide clear error message when API key is invalid","status":"passed","title":"should provide clear error message when API key is invalid","duration":0.3542840000009164,"failureMessages":[],"meta":{}},{"ancestorTitles":["Regression: Validation Endpoint Compatibility","Error handling regression"],"fullName":"Regression: Validation Endpoint Compatibility Error handling regression should handle malformed repository names gracefully","status":"passed","title":"should handle malformed repository names gracefully","duration":0.24581000000034692,"failureMessages":[],"meta":{}},{"ancestorTitles":["E2E Regression: Full validation flow"],"fullName":"E2E Regression: Full validation flow should complete validation workflow successfully","status":"passed","title":"should complete validation workflow successfully","duration":0.4395779999995284,"failureMessages":[],"meta":{}}],"startTime":1756681891549,"endTime":1756681891559.4397,"status":"passed","message":"","name":"/home/dylan/dev/rsolv/RSOLV-action/tests/regression/validation-endpoint.test.ts"},{"assertionResults":[{"ancestorTitles":["Validation Payload Format"],"fullName":"Validation Payload Format should send correct batch payload format to validation API","status":"passed","title":"should send correct batch payload format to validation API","duration":7.004008999998405,"failureMessages":[],"meta":{}},{"ancestorTitles":["Validation Payload Format"],"fullName":"Validation Payload Format should handle validation response correctly","status":"passed","title":"should handle validation response correctly","duration":1.48055899999963,"failureMessages":[],"meta":{}}],"startTime":1756681891599,"endTime":1756681891607.4805,"status":"passed","message":"","name":"/home/dylan/dev/rsolv/RSOLV-action/tests/regression/validation-payload-format.test.ts"},{"assertionResults":[{"ancestorTitles":["XSS Pattern Detection"],"fullName":"XSS Pattern Detection should detect XSS via document.write with string concatenation","status":"passed","title":"should detect XSS via document.write with string concatenation","duration":63.61983600000167,"failureMessages":[],"meta":{}},{"ancestorTitles":["XSS Pattern Detection"],"fullName":"XSS Pattern Detection should detect various XSS patterns","status":"passed","title":"should detect various XSS patterns","duration":0.9507439999997587,"failureMessages":[],"meta":{}}],"startTime":1756681897844,"endTime":1756681897908.9507,"status":"passed","message":"","name":"/home/dylan/dev/rsolv/RSOLV-action/tests/regression/xss-pattern-detection.test.ts"},{"assertionResults":[{"ancestorTitles":["SecurityAwareAnalyzer Integration"],"fullName":"SecurityAwareAnalyzer Integration should return analysis with security vulnerabilities","status":"passed","title":"should return analysis with security vulnerabilities","duration":44.20855600000141,"failureMessages":[],"meta":{}},{"ancestorTitles":["SecurityAwareAnalyzer Integration"],"fullName":"SecurityAwareAnalyzer Integration should handle case with no security issues","status":"passed","title":"should handle case with no security issues","duration":26.24927100000059,"failureMessages":[],"meta":{}},{"ancestorTitles":["SecurityAwareAnalyzer Integration"],"fullName":"SecurityAwareAnalyzer Integration should work without codebase files","status":"passed","title":"should work without codebase files","duration":8.00254799999675,"failureMessages":[],"meta":{}}],"startTime":1756681902482,"endTime":1756681902560.0024,"status":"passed","message":"","name":"/home/dylan/dev/rsolv/RSOLV-action/tests/security/security-analyzer-integration.test.ts"},{"assertionResults":[{"ancestorTitles":["ConversationLogger"],"fullName":"ConversationLogger should create singleton instance","status":"passed","title":"should create singleton instance","duration":1.247071000001597,"failureMessages":[],"meta":{}},{"ancestorTitles":["ConversationLogger"],"fullName":"ConversationLogger should respect log level configuration","status":"passed",
[...]
y","duration":0.23939299999983632,"failureMessages":[],"meta":{}},{"ancestorTitles":["Vendor Detection TDD - File Extraction from Validation Data","Robust file extraction function"],"fullName":"Vendor Detection TDD - File Extraction from Validation Data Robust file extraction function should handle all possible vulnerability structures","status":"passed","title":"should handle all possible vulnerability structures","duration":1.9014029999998456,"failureMessages":[],"meta":{}},{"ancestorTitles":["Vendor Detection TDD - File Extraction from Validation Data","Vendor detection with proper types"],"fullName":"Vendor Detection TDD - File Extraction from Validation Data Vendor detection with proper types should detect vendor files correctly","status":"passed","title":"should detect vendor files correctly","duration":0.2571810000008554,"failureMessages":[],"meta":{}}],"startTime":1756681895383,"endTime":1756681895396.257,"status":"passed","message":"","name":"/home/dylan/dev/rsolv/RSOLV-action/src/modes/phase-executor/__tests__/vendor-detection-tdd.test.ts"},{"assertionResults":[{"ancestorTitles":["ElixirASTAnalyzer - Core Functionality","initialization"],"fullName":"ElixirASTAnalyzer - Core Functionality initialization should initialize with config","status":"passed","title":"should initialize with config","duration":9.621300999999221,"failureMessages":[],"meta":{}},{"ancestorTitles":["ElixirASTAnalyzer - Core Functionality","initialization"],"fullName":"ElixirASTAnalyzer - Core Functionality initialization should use environment variables as fallback","status":"passed","title":"should use environment variables as fallback","duration":0.9519870000003721,"failureMessages":[],"meta":{}},{"ancestorTitles":["ElixirASTAnalyzer - Core Functionality","file analysis"],"fullName":"ElixirASTAnalyzer - Core Functionality file analysis should analyze single file","status":"passed","title":"should analyze single file","duration":2.9437950000001365,"failureMessages":[],"meta":{}},{"ancestorTitles":["ElixirASTAnalyzer - Core Functionality","file analysis"],"fullName":"ElixirASTAnalyzer - Core Functionality file analysis should handle empty file content","status":"passed","title":"should handle empty file content","duration":0.7680230000005395,"failureMessages":[],"meta":{}},{"ancestorTitles":["ElixirASTAnalyzer - Core Functionality","file analysis"],"fullName":"ElixirASTAnalyzer - Core Functionality file analysis should handle API errors gracefully","status":"passed","title":"should handle API errors gracefully","duration":1.3221389999998792,"failureMessages":[],"meta":{}},{"ancestorTitles":["ElixirASTAnalyzer - Core Functionality","batch file analysis"],"fullName":"ElixirASTAnalyzer - Core Functionality batch file analysis should analyze multiple files using analyze method","status":"passed","title":"should analyze multiple files using analyze method","duration":0.9371449999998731,"failureMessages":[],"meta":{}},{"ancestorTitles":["ElixirASTAnalyzer - Core Functionality","batch file analysis"],"fullName":"ElixirASTAnalyzer - Core Functionality batch file analysis should handle empty file list","status":"passed","title":"should handle empty file list","duration":0.2981739999995625,"failureMessages":[],"meta":{}},{"ancestorTitles":["ElixirASTAnalyzer - Core Functionality","batch file analysis"],"fullName":"ElixirASTAnalyzer - Core Functionality batch file analysis should respect file count limits","status":"passed","title":"should respect file count limits","duration":0.24522299999989627,"failureMessages":[],"meta":{}},{"ancestorTitles":["ElixirASTAnalyzer - Core Functionality","session management"],"fullName":"ElixirASTAnalyzer - Core Functionality session management should reuse sessions within timeout","status":"passed","title":"should reuse sessions within timeout","duration":0.7385860000003959,"failureMessages":[],"meta":{}},{"ancestorTitles":["ElixirASTAnalyzer - Core Functionality","session management"],"fullName":"ElixirASTAnalyzer - Core Functionality session management should create new session when expired","status":"passed","title":"should create new session when expired","duration":0.7085309999993115,"failureMessages":[],"meta":{}},{"ancestorTitles":["ElixirASTAnalyzer - Core Functionality","cleanup"],"fullName":"ElixirASTAnalyzer - Core Functionality cleanup should cleanup sessions on cleanup call","status":"passed","title":"should cleanup sessions on cleanup call","duration":0.8518240000003061,"failureMessages":[],"meta":{}}],"startTime":1756681888902,"endTime":1756681888921.8518,"status":"passed","message":"","name":"/home/dylan/dev/rsolv/RSOLV-action/src/security/analyzers/__tests__/elixir-ast-analyzer-core.test.ts"},{"assertionResults":[{"ancestorTitles":["ElixirASTAnalyzer - Encryption","encryption integration"],"fullName":"ElixirASTAnalyzer - Encryption encryption integration should encrypt files before sending to API","status":"passed","title":"should encrypt files before sending to API","duration":4.391821999997774,"failureMessages":[],"meta":{}},{"ancestorTitles":["ElixirASTAnalyzer - Encryption","encryption integration"],"fullName":"ElixirASTAnalyzer - Encryption encryption integration should use AES-256-GCM encryption","status":"passed","title":"should use AES-256-GCM encryption","duration":1.1724110000031942,"failureMessages":[],"meta":{}},{"ancestorTitles":["ElixirASTAnalyzer - Encryption","decryption of responses"],"fullName":"ElixirASTAnalyzer - Encryption decryption of responses should decrypt API responses when encryption is used","status":"passed","title":"should decrypt API responses when encryption is used","duration":1.273035999998683,"failureMessages":[],"meta":{}}],"startTime":1756681899975,"endTime":1756681899982.273,"status":"passed","message":"","name":"/home/dylan/dev/rsolv/RSOLV-action/src/security/analyzers/__tests__/elixir-ast-analyzer-encryption.test.ts"},{"assertionResults":[{"ancestorTitles":["ElixirASTAnalyzer - Pattern Detection","JavaScript vulnerability patterns"],"fullName":"ElixirASTAnalyzer - Pattern Detection JavaScript vulnerability patterns should detect eval injection","status":"passed","title":"should detect eval injection","duration":4.514000000000124,"failureMessages":[],"meta":{}},{"ancestorTitles":["ElixirASTAnalyzer - Pattern Detection","JavaScript vulnerability patterns"],"fullName":"ElixirASTAnalyzer - Pattern Detection JavaScript vulnerability patterns should detect SQL injection","status":"passed","title":"should detect SQL injection","duration":1.0781049999995957,"failureMessages":[],"meta":{}},{"ancestorTitles":["ElixirASTAnalyzer - Pattern Detection","JavaScript vulnerability patterns"],"fullName":"ElixirASTAnalyzer - Pattern Detection JavaScript vulnerability patterns should detect XSS vulnerabilities","status":"passed","title":"should detect XSS vulnerabilities","duration":1.317269000000124,"failureMessages":[],"meta":{}},{"ancestorTitles":["ElixirASTAnalyzer - Pattern Detection","Python vulnerability patterns"],"fullName":"ElixirASTAnalyzer - Pattern Detection Python vulnerability patterns should detect Python eval usage","status":"passed","title":"should detect Python eval usage","duration":1.0077959999998711,"failureMessages":[],"meta":{}},{"ancestorTitles":["ElixirASTAnalyzer - Pattern Detection","Python vulnerability patterns"],"fullName":"ElixirASTAnalyzer - Pattern Detection Python vulnerability patterns should detect command injection","status":"passed","title":"should detect command injection","duration":1.3533230000002732,"failureMessages":[],"meta":{}},{"ancestorTitles":["ElixirASTAnalyzer - Pattern Detection","multi-language support"],"fullName":"ElixirASTAnalyzer - Pattern Detection multi-language support should handle mixed language files","status":"passed","title":"should handle mixed language files","duration":2.2831649999998263,"failureMessages":[],"meta":{}},{"ancestorTitles":["ElixirASTAnalyzer - Pattern Detection","false positive filtering"],"fullName":"ElixirASTAnalyzer - Pattern Detection false positive filtering should filter out false positives based on confidence","status":"passed","title":"should filter out false positives based on confidence","duration":0.8838500000001659,"failureMessages":[],"meta":{}},{"ancestorTitles":["ElixirASTAnalyzer - Pattern Detection","false positive filtering"],"fullName":"ElixirASTAnalyzer - Pattern Detection false positive filtering should provide confidence scores","status":"passed","title":"should provide confidence scores","duration":0.5757960000000821,"failureMessages":[],"meta":{}}],"startTime":1756681887144,"endTime":1756681887157.5757,"status":"passed","message":"","name":"/home/dylan/dev/rsolv/RSOLV-action/src/security/analyzers/__tests__/elixir-ast-analyzer-patterns.test.ts"},{"assertionResults":[{"ancestorTitles":["ElixirASTAnalyzer - Integration","end-to-end workflow"],"fullName":"ElixirASTAnalyzer - Integration end-to-end workflow should complete full analysis workflow","status":"passed","title":"should complete full analysis workflow","duration":3.2296929999974964,"failureMessages":[],"meta":{}},{"ancestorTitles":["ElixirASTAnalyzer - Integration","end-to-end workflow"],"fullName":"ElixirASTAnalyzer - Integration end-to-end workflow should handle network errors gracefully","status":"passed","title":"should handle network errors gracefully","duration":6.869523000001209,"failureMessages":[],"meta":{}},{"ancestorTitles":["ElixirASTAnalyzer - Integration","end-to-end workflow"],"fullName":"ElixirASTAnalyzer - Integration end-to-end workflow should handle timeout","status":"passed","title":"should handle timeout","duration":201.86721300000136,"failureMessages":[],"meta":{}},{"ancestorTitles":["ElixirASTAnalyzer - Integration","configuration"],"fullName":"ElixirASTAnalyzer - Integration configuration should validate API key","status":"passed","title":"should validate API key","duration":0.34197800000038114,"failureMessages":[],"meta":{}},{"ancestorTitles":["ElixirASTAnalyzer - Integration","configuration"],"fullName":"ElixirASTAnalyzer - Integration configuration should validate API URL","status":"passed","title":"should validate API URL","duration":0.3676560000021709,"failureMessages":[],"meta":{}},{"ancestorTitles":["ElixirASTAnalyzer - Integration","resource management"],"fullName":"ElixirASTAnalyzer - Integration resource management should not leak memory with multiple analyses","status":"passed","title":"should not leak memory with multiple analyses","duration":0.5763420000002952,"failureMessages":[],"meta":{}},{"ancestorTitles":["ElixirASTAnalyzer - Integration","resource management"],"fullName":"ElixirASTAnalyzer - Integration resource management should cleanup all resources on cleanup","status":"passed","title":"should cleanup all resources on cleanup","duration":1.1306770000010147,"failureMessages":[],"meta":{}}],"startTime":1756681900898,"endTime":1756681901113.1306,"status":"passed","message":"","name":"/home/dylan/dev/rsolv/RSOLV-action/src/security/analyzers/__tests__/elixir-ast-analyzer.test.ts"},{"assertionResults":[{"ancestorTitles":["AST Analyzer Fallback Strategy (Needs RFC-048 Test Mode)","fallback to regex when AST fails"],"fullName":"AST Analyzer Fallback Strategy (Needs RFC-048 Test Mode) fallback to regex when AST fails should fallback to regex detection when AST service is unavailable","status":"skipped","title":"should fallback to regex detection when AST service is unavailable","failureMessages":[],"meta":{}},{"ancestorTitles":["AST Analyzer Fallback Strategy (Needs RFC-048 Test Mode)","fallback to regex when AST fails"],"fullName":"AST Analyzer Fallback Strategy (Needs RFC-048 Test Mode) fallback to regex when AST fails should fallback when AST parsing times out","status":"skipped","title":"should fallback when AST parsing times out","failureMessages":[],"meta":{}},{"ancestorTitles":["AST Analyzer Fallback Strategy (Needs RFC-048 Test Mode)","fallback to regex when AST fails"],"fullName":"AST Analyzer Fallback Strategy (Needs RFC-048 Test Mode) fallback to regex when AST fails should fallback when AST returns parse errors","status":"skipped","title":"should fallback when AST returns parse errors","failureMessages":[],"meta":{}},{"ancestorTitles":["AST Analyzer Fallback Strategy (Needs RFC-048 Test Mode)","fallback to regex when AST fails"],"fullName":"AST Analyzer Fallback Strategy (Needs RFC-048 Test Mode) fallback to regex when AST fails should prefer AST results when available","status":"skipped","title":"should prefer AST results when available","failureMessages":[],"meta":{}},{"ancestorTitles":["AST Analyzer Fallback Strategy (Needs RFC-048 Test Mode)","fallback to regex when AST fails"],"fullName":"AST Analyzer Fallback Strategy (Needs RFC-048 Test Mode) fallback to regex when AST fails should handle mixed results (some AST, some fallback)","status":"skipped","title":"should handle mixed results (some AST, some fallback)","failureMessages":[],"meta":{}},{"ancestorTitles":["AST Analyzer Fallback Strategy (Needs RFC-048 Test Mode)","confidence adjustment"],"fullName":"AST Analyzer Fallback Strategy (Needs RFC-048 Test Mode) confidence adjustment should lower confidence for regex-only detections","status":"skipped","title":"should lower confidence for regex-only detections","failureMessages":[],"meta":{}},{"ancestorTitles":["AST Analyzer Fallback Strategy (Needs RFC-048 Test Mode)","confidence adjustment"],"fullName":"AST Analyzer Fallback Strategy (Needs RFC-048 Test Mode) confidence adjustment should not double-count vulnerabilities detected by both methods","status":"skipped","title":"should not double-count vulnerabilities detected by both methods","failureMessages":[],"meta":{}}],"startTime":1756681881859,"endTime":1756681881859,"status":"passed","message":"","name":"/home/dylan/dev/rsolv/RSOLV-action/src/security/analyzers/__tests__/fallback-strategy.test.ts"},{"assertionResults":[{"ancestorTitles":["FileSelector","selectFiles"],"fullName":"FileSelector selectFiles should respect maxFiles limit","status":"passed","title":"should respect maxFiles limit","duration":2.6457460000001447,"failureMessages":[],"meta":{}},{"ancestorTitles":["FileSelector","selectFiles"],"fullName":"FileSelector selectFiles should exclude default patterns","status":"passed","title":"should exclude default patterns","duration":1.1647640000001047,"failureMessages":[],"meta":{}},{"ancestorTitles":["FileSelector","selectFiles"],"fullName":"FileSelector selectFiles should filter by language when specified","status":"passed","title":"should filter by language when specified","duration":3.13709899999958,"failureMessages":[],"meta":{}},{"ancestorTitles":["FileSelector","selectFiles"],"fullName":"FileSelector selectFiles should respect maxFileSize","status":"passed","title":"should respect maxFileSize","duration":0.4965990000000602,"failureMessages":[],"meta":{}},{"ancestorTitles":["FileSelector","selectFiles"],"fullName":"FileSelector selectFiles should prioritize changed files","status":"passed","title":"should prioritize changed files","duration":0.29326599999967584,"failureMessages":[],"meta":{}},{"ancestorTitles":["FileSelector","selectFiles"],"fullName":"FileSelector selectFiles should prioritize security-relevant files","status":"passed","title":"should prioritize security-relevant files","duration":0.24916099999973085,"failureMessages":[],"meta":{}},{"ancestorTitles":["FileSelector","selectFiles"],"fullName":"FileSelector selectFiles should deprioritize test files","status":"passed","title":"should deprioritize test files","duration":0.48457200000029843,"failureMessages":[],"meta":{}},{"ancestorTitles":["FileSelector","selectFiles"],"fullName":"FileSelector selectFiles should include all file metadata","status":"passed","title":"should include all file metadata","duration":0.3026789999994435,"failureMessages":[],"meta":{}},{"ancestorTitles":["FileSelector","selectFiles"],"fullName":"FileSelector selectFiles should handle custom exclude patterns","status":"passed","title":"should handle custom exclude patterns","duration":0.6133929999996326,"failureMessages":[],"meta":{}},{"ancestorTitles":["FileSelector","selectFiles"],"fullName":"FileSelector selectFiles should detect Elixir files","status":"passed","title":"should detect Elixir files","duration":0.21029799999996612,"failureMessages":[],"meta":{}},{"ancestorTitles":["FileSelector","selectDiverseFiles"],"fullName":"FileSelector selectDiverseFiles should select files from multiple languages","status":"passed","title":"should select files from multiple languages","duration":0.29905800000051386,"failureMessages":[],"meta":{}},{"ancestorTitles":["FileSelector","selectDiverseFiles"],"fullName":"FileSelector selectDiverseFiles should distribute slots evenly across languages","status":"passed","title":"should distribute slots evenly across languages","duration":0.2260070000002088,"failureMessages":[],"meta":{}}],"startTime":1756681889010,"endTime":1756681889020.299,"status":"passed","message":"","name":"/home/dylan/dev/rsolv/RSOLV-action/src/security/analyzers/__tests__/file-selector.test.ts"},{"assertionResults":[{"ancestorTitles":["IssueBodyParser","parseIssueBody"],"fullName":"IssueBodyParser parseIssueBody should parse single file with single vulnerability","status":"passed","title":"should parse single file with single vulnerability","duration":2.402708999999959,"failureMessages":[],"meta":{}},{"ancestorTitles":["IssueBodyParser","parseIssueBody"],"fullName":"IssueBodyParser parseIssueBody should parse multiple files with multiple vulnerabilities","status":"passed","title":"should parse multiple files with multiple vulnerabilities","duration":1.093949000000066,"failureMessages":[],"meta":{}},{"ancestorTitles":["IssueBodyParser","parseIssueBody"],"fullName":"IssueBodyParser parseIssueBody should handle files with no vulnerabilities gracefully","status":"passed","title":"should handle files with no vulnerabilities gracefully","duration":0.35970500000075845,"failureMessages":[],"meta":{}},{"ancestorTitles":["IssueBodyParser","parseIssueBody"],"fullName":"IssueBodyParser parseIssueBody should handle malformed issue body without crashing","status":"passed","title":"should handle malformed issue body without crashing","duration":0.2896539999983361,"failureMessages":[],"meta":{}},{"ancestorTitles":["IssueBodyParser","parseIssueBody"],"fullName":"IssueBodyParser parseIssueBody should extract vulnerability type correctly","status":"passed","title":"should extract vulnerability type correctly","duration":0.19113599999946018,"failureMessages":[],"meta":{}},{"ancestorTitles":["IssueBodyParser","parseIssueBody"],"fullName":"IssueBodyParser parseIssueBody should handle special characters in file paths","status":"passed","title":"should handle special characters in file paths","duration":0.11187100000097416,"failureMessages":[],"meta":{}},{"ancestorTitles":["IssueBodyParser","enhanceValidationData"],"fullName":"IssueBodyParser enhanceValidationData should replace unknown.js with actual filenames","status":"passed","title":"should replace unknown.js with actual filenames","duration":1.0906310000009398,"failureMessages":[],"meta":{}},{"ancestorTitles":["IssueBodyParser","enhanceValidationData"],"fullName":"IssueBodyParser enhanceValidationData should handle multiple vulnerabilities and match by line number","status":"passed","title":"should handle multiple vulnerabilities and match by line number","duration":0.4644189999999071,"failureMessages":[],"meta":{}},{"ancestorTitles":["IssueBodyParser","enhanceValidationData"],"fullName":"IssueBodyParser enhanceValidationData should preserve validation data that cannot be matched","status":"passed","title":"should preserve validation data that cannot be matched","duration":0.29700400000001537,"failureMessages":[],"meta":{}}],"startTime":1756681890385,"endTime":1756681890392.297,"status":"passed","message":"","name":"/home/dylan/dev/rsolv/RSOLV-action/src/modes/phase-executor/utils/__tests__/issue-body-parser.test.ts"}]}