{"numTotalTestSuites":156,"numPassedTestSuites":156,"numFailedTestSuites":0,"numPendingTestSuites":0,"numTotalTests":273,"numPassedTests":251,"numFailedTests":0,"numPendingTests":22,"numTodoTests":0,"snapshot":{"added":0,"failure":false,"filesAdded":0,"filesRemoved":0,"filesRemovedList":[],"filesUnmatched":0,"filesUpdated":0,"matched":0,"total":0,"unchecked":0,"uncheckedKeysByFile":[],"unmatched":0,"updated":0,"didUpdate":false},"startTime":1756409380659,"success":true,"testResults":[{"assertionResults":[{"ancestorTitles":["AST Service Verification - REVIEW Phase (Needs RFC-048 Test Mode)","Python SQL Injection Detection"],"fullName":"AST Service Verification - REVIEW Phase (Needs RFC-048 Test Mode) Python SQL Injection Detection should detect SQL injection via string concatenation","status":"skipped","title":"should detect SQL injection via string concatenation","failureMessages":[],"meta":{}},{"ancestorTitles":["AST Service Verification - REVIEW Phase (Needs RFC-048 Test Mode)","Python SQL Injection Detection"],"fullName":"AST Service Verification - REVIEW Phase (Needs RFC-048 Test Mode) Python SQL Injection Detection should detect SQL injection with f-strings","status":"skipped","title":"should detect SQL injection with f-strings","failureMessages":[],"meta":{}},{"ancestorTitles":["AST Service Verification - REVIEW Phase (Needs RFC-048 Test Mode)","JavaScript SQL Injection Detection"],"fullName":"AST Service Verification - REVIEW Phase (Needs RFC-048 Test Mode) JavaScript SQL Injection Detection should detect SQL injection in JavaScript","status":"skipped","title":"should detect SQL injection in JavaScript","failureMessages":[],"meta":{}},{"ancestorTitles":["AST Service Verification - REVIEW Phase (Needs RFC-048 Test Mode)","Ruby Command Injection Detection"],"fullName":"AST Service Verification - REVIEW Phase (Needs RFC-048 Test Mode) Ruby Command Injection Detection should detect command injection in Ruby","status":"skipped","title":"should detect command injection in Ruby","failureMessages":[],"meta":{}},{"ancestorTitles":["AST Service Verification - REVIEW Phase (Needs RFC-048 Test Mode)","PHP XSS Detection"],"fullName":"AST Service Verification - REVIEW Phase (Needs RFC-048 Test Mode) PHP XSS Detection should detect XSS in PHP echo statements","status":"skipped","title":"should detect XSS in PHP echo statements","failureMessages":[],"meta":{}},{"ancestorTitles":["AST Service Verification - REVIEW Phase (Needs RFC-048 Test Mode)","Accuracy Metrics"],"fullName":"AST Service Verification - REVIEW Phase (Needs RFC-048 Test Mode) Accuracy Metrics should achieve >90% accuracy on test corpus","status":"skipped","title":"should achieve >90% accuracy on test corpus","failureMessages":[],"meta":{}},{"ancestorTitles":["AST Service Verification - REVIEW Phase (Needs RFC-048 Test Mode)","Performance Metrics"],"fullName":"AST Service Verification - REVIEW Phase (Needs RFC-048 Test Mode) Performance Metrics should analyze files with acceptable latency","status":"skipped","title":"should analyze files with acceptable latency","failureMessages":[],"meta":{}}],"startTime":1756409380659,"endTime":1756409380659,"status":"passed","message":"","name":"/home/dylan/dev/rsolv/RSOLV-action/test/ast-service-verification.test.ts"},{"assertionResults":[{"ancestorTitles":["Memory Investigation"],"fullName":"Memory Investigation should check pattern loading without detection","status":"passed","title":"should check pattern loading without detection","duration":0.7464189999996051,"failureMessages":[],"meta":{}},{"ancestorTitles":["Memory Investigation"],"fullName":"Memory Investigation should test small code detection","status":"passed","title":"should test small code detection","duration":0.41864299999997456,"failureMessages":[],"meta":{}},{"ancestorTitles":["Memory Investigation"],"fullName":"Memory Investigation should check AST interpreter directly","status":"passed","title":"should check AST interpreter directly","duration":0.14834800000016912,"failureMessages":[],"meta":{}}],"startTime":1756409383530,"endTime":1756409383531.4187,"status":"passed","message":"","name":"/home/dylan/dev/rsolv/RSOLV-action/test/memory-investigation.test.ts"},{"assertionResults":[{"ancestorTitles":["GREEN Phase - Server AST Integration Working","New Detector with Server AST"],"fullName":"GREEN Phase - Server AST Integration Working New Detector with Server AST should use ElixirASTAnalyzer when API key is provided","status":"passed","title":"should use ElixirASTAnalyzer when API key is provided","duration":1.0785649999997986,"failureMessages":[],"meta":{}},{"ancestorTitles":["GREEN Phase - Server AST Integration Working","New Detector with Server AST"],"fullName":"GREEN Phase - Server AST Integration Working New Detector with Server AST should fall back to client-side AST when no API key","status":"passed","title":"should fall back to client-side AST when no API key","duration":0.9609239999999772,"failureMessages":[],"meta":{}},{"ancestorTitles":["GREEN Phase - Server AST Integration Working","New Detector with Server AST"],"fullName":"GREEN Phase - Server AST Integration Working New Detector with Server AST should support multiple languages with server AST","status":"passed","title":"should support multiple languages with server AST","duration":1.2850269999999,"failureMessages":[],"meta":{}},{"ancestorTitles":["GREEN Phase - Server AST Integration Working","New Detector with Server AST"],"fullName":"GREEN Phase - Server AST Integration Working New Detector with Server AST should only support JS/TS without server AST","status":"passed","title":"should only support JS/TS without server AST","duration":0.7741100000002916,"failureMessages":[],"meta":{}},{"ancestorTitles":["GREEN Phase - Server AST Integration Working","Mock Server AST Detection"],"fullName":"GREEN Phase - Server AST Integration Working Mock Server AST Detection should handle Python code through server AST","status":"skipped","title":"should handle Python code through server AST","failureMessages":[],"meta":{}},{"ancestorTitles":["GREEN Phase - Server AST Integration Working","Mock Server AST Detection"],"fullName":"GREEN Phase - Server AST Integration Working Mock Server AST Detection should reject unsupported languages gracefully","status":"passed","title":"should reject unsupported languages gracefully","duration":1.4195389999999861,"failureMessages":[],"meta":{}},{"ancestorTitles":["GREEN Phase - Server AST Integration Working","Configuration Options"],"fullName":"GREEN Phase - Server AST Integration Working Configuration Options should respect useServerAST=false even with API key","status":"passed","title":"should respect useServerAST=false even with API key","duration":0.8407749999996668,"failureMessages":[],"meta":{}},{"ancestorTitles":["GREEN Phase - Server AST Integration Working","Configuration Options"],"fullName":"GREEN Phase - Server AST Integration Working Configuration Options should use environment variables as fallback","status":"passed","title":"should use environment variables as fallback","duration":0.5438359999998283,"failureMessages":[],"meta":{}}],"startTime":1756409383378,"endTime":1756409383385.544,"status":"passed","message":"","name":"/home/dylan/dev/rsolv/RSOLV-action/test/server-ast-green-phase.test.ts"},{"assertionResults":[{"ancestorTitles":["Server-Side AST Integration","AST Integration Tests"],"fullName":"Server-Side AST Integration AST Integration Tests should use ASTPatternInterpreter for vulnerability detection","status":"passed","title":"should use ASTPatternInterpreter for vulnerability detection","duration":1.071364000000358,"failureMessages":[],"meta":{}},{"ancestorTitles":["Server-Side AST Integration","AST Integration Tests"],"fullName":"Server-Side AST Integration AST Integration Tests should detect JavaScript eval injection","status":"passed","title":"should detect JavaScript eval injection","duration":6.103866999999809,"failureMessages":[],"meta":{}},{"ancestorTitles":["Server-Side AST Integration","AST Integration Tests"],"fullName":"Server-Side AST Integration AST Integration Tests should detect Python SQL injection via server AST","status":"skipped","title":"should detect Python SQL injection via server AST","failureMessages":[],"meta":{}},{"ancestorTitles":["Server-Side AST Integration","AST Integration Tests"],"fullName":"Server-Side AST Integration AST Integration Tests should detect Ruby command injection via server AST","status":"skipped","title":"should detect Ruby command injection via server AST","failureMessages":[],"meta":{}},{"ancestorTitles":["Server-Side AST Integration","AST Integration Tests"],"fullName":"Server-Side AST Integration AST Integration Tests should detect PHP XSS via server AST","status":"skipped","title":"should detect PHP XSS via server AST","failureMessages":[],"meta":{}},{"ancestorTitles":["Server-Side AST Integration","AST Integration Tests"],"fullName":"Server-Side AST Integration AST Integration Tests should achieve >90% accuracy on mixed language corpus","status":"skipped","title":"should achieve >90% accuracy on mixed language corpus","failureMessages":[],"meta":{}},{"ancestorTitles":["Server-Side AST Integration","AST Integration Tests"],"fullName":"Server-Side AST Integration AST Integration Tests should use server-side AST service endpoint","status":"skipped","title":"should use server-side AST service endpoint","failureMessages":[],"meta":{}},{"ancestorTitles":["Server-Side AST Integration","Test Infrastructure"],"fullName":"Server-Side AST Integration Test Infrastructure should have ElixirASTAnalyzer class available","status":"passed","title":"should have ElixirASTAnalyzer class available","duration":0.5990320000000793,"failureMessages":[],"meta":{}}],"startTime":1756409382853,"endTime":1756409382860.599,"status":"passed","message":"","name":"/home/dylan/dev/rsolv/RSOLV-action/test/server-ast-integration.test.ts"},{"assertionResults":[{"ancestorTitles":["Vendor Detection File Extraction (RFC-047 Fix)"],"fullName":"Vendor Detection File Extraction (RFC-047 Fix) should extract files from vulnerabilities with singular \"file\" property","status":"passed","title":"should extract files from vulnerabilities with singular \"file\" property","duration":0.7155969999998888,"failureMessages":[],"meta":{}},{"ancestorTitles":["Vendor Detection File Extraction (RFC-047 Fix)"],"fullName":"Vendor Detection File Extraction (RFC-047 Fix) should extract files from vulnerabilities with plural \"files\" property","status":"passed","title":"should extract files from vulnerabilities with plural \"files\" property","duration":0.4883130000002893,"failureMessages":[],"meta":{}},{"ancestorTitles":["Vendor Detection File Extraction (RFC-047 Fix)"],"fullName":"Vendor Detection File Extraction (RFC-047 Fix) should handle mixed vulnerabilities with both file and files properties","status":"passed","title":"should handle mixed vulnerabilities with both file and files properties","duration":0.5179279999997561,"failureMessages":[],"meta":{}},{"ancestorTitles":["Vendor Detection File Extraction (RFC-047 Fix)"],"fullName":"Vendor Detection File Extraction (RFC-047 Fix) should return empty array for vulnerabilities without file properties","status":"passed","title":"should return empty array for vulnerabilities without file properties","duration":0.3281839999999647,"failureMessages":[],"meta":{}},{"ancestorTitles":["Vendor Detection File Extraction (RFC-047 Fix)"],"fullName":"Vendor Detection File Extraction (RFC-047 Fix) OLD BROKEN CODE: should demonstrate the bug","status":"passed","title":"OLD BROKEN CODE: should demonstrate the bug","duration":0.26394200000004275,"failureMessages":[],"meta":{}}],"startTime":1756409383472,"endTime":1756409383474.264,"status":"passed","message":"","name":"/home/dylan/dev/rsolv/RSOLV-action/test/vendor-detection-file-extraction.test.ts"},{"assertionResults":[{"ancestorTitles":["Issue Limiting Logic"],"fullName":"Issue Limiting Logic should slice issues array when maxIssues is set","status":"passed","title":"should slice issues array when maxIssues is set","duration":0.2987049999996998,"failureMessages":[],"meta":{}},{"ancestorTitles":["Issue Limiting Logic"],"fullName":"Issue Limiting Logic should return all issues when maxIssues is not set","status":"passed","title":"should return all issues when maxIssues is not set","duration":0.1601700000001074,"failureMessages":[],"meta":{}},{"ancestorTitles":["Issue Limiting Logic"],"fullName":"Issue Limiting Logic should return all issues when maxIssues is 0","status":"passed","title":"should return all issues when maxIssues is 0","duration":0.14704500000016196,"failureMessages":[],"meta":{}},{"ancestorTitles":["Issue Limiting Logic"],"fullName":"Issue Limiting Logic should return all issues when maxIssues is greater than issue count","status":"passed","title":"should return all issues when maxIssues is greater than issue count","duration":0.12471600000026228,"failureMessages":[],"meta":{}},{"ancestorTitles":["Issue Limiting Logic"],"fullName":"Issue Limiting Logic should handle single issue limit","status":"passed","title":"should handle single issue limit","duration":0.14985599999999977,"failureMessages":[],"meta":{}},{"ancestorTitles":["Issue Limiting Logic"],"fullName":"Issue Limiting Logic should handle exact match of maxIssues and issue count","status":"passed","title":"should handle exact match of maxIssues and issue count","duration":0.13047599999981685,"failureMessages":[],"meta":{}}],"startTime":1756409383500,"endTime":1756409383501.15,"status":"passed","message":"","name":"/home/dylan/dev/rsolv/RSOLV-action/src/__tests__/index-maxissues.test.ts"},{"assertionResults":[{"ancestorTitles":["Workflow Timeout Behavior"],"fullName":"Workflow Timeout Behavior should timeout workflow after 2 minutes","status":"passed","title":"should timeout workflow after 2 minutes","duration":101.171157,"failureMessages":[],"meta":{}},{"ancestorTitles":["Workflow Timeout Behavior"],"fullName":"Workflow Timeout Behavior should complete successfully before timeout","status":"passed","title":"should complete successfully before timeout","duration":1.3090249999997923,"failureMessages":[],"meta":{}},{"ancestorTitles":["Workflow Timeout Behavior"],"fullName":"Workflow Timeout Behavior should handle no issues gracefully without timeout","status":"passed","title":"should handle no issues gracefully without timeout","duration":0.9874320000001262,"failureMessages":[],"meta":{}},{"ancestorTitles":["Workflow Timeout Behavior"],"fullName":"Workflow Timeout Behavior should include timeout information in error message","status":"passed","title":"should include timeout information in error message","duration":102.12266900000009,"failureMessages":[],"meta":{}},{"ancestorTitles":["Workflow Timeout Behavior"],"fullName":"Workflow Timeout Behavior should use configured processing options","status":"passed","title":"should use configured processing options","duration":1.487681000000066,"failureMessages":[],"meta":{}}],"startTime":1756409382441,"endTime":1756409382648.4878,"status":"passed","message":"","name":"/home/dylan/dev/rsolv/RSOLV-action/src/__tests__/workflow-timeout.test.ts"},{"assertionResults":[{"ancestorTitles":["PatternAPIClient","constructor"],"fullName":"PatternAPIClient constructor should use default API URL if not provided","status":"passed","title":"should use default API URL if not provided","duration":1.0387559999999212,"failureMessages":[],"meta":{}},{"ancestorTitles":["PatternAPIClient","constructor"],"fullName":"PatternAPIClient constructor should use provided API URL","status":"passed","title":"should use provided API URL","duration":0.6199329999999463,"failureMessages":[],"meta":{}},{"ancestorTitles":["PatternAPIClient","constructor"],"fullName":"PatternAPIClient constructor should use API key from config","status":"passed","title":"should use API key from config","duration":0.3914800000000014,"failureMessages":[],"meta":{}},{"ancestorTitles":["PatternAPIClient","constructor"],"fullName":"PatternAPIClient constructor should use API key from environment if not in config","status":"passed","title":"should use API key from environment if not in config","duration":0.3052210000000741,"failureMessages":[],"meta":{}},{"ancestorTitles":["PatternAPIClient","fetchPatterns"],"fullName":"PatternAPIClient fetchPatterns should fetch patterns for a language","status":"passed","title":"should fetch patterns for a language","duration":3.2478620000001683,"failureMessages":[],"meta":{}},{"ancestorTitles":["PatternAPIClient","fetchPatterns"],"fullName":"PatternAPIClient fetchPatterns should handle API errors gracefully","status":"passed","title":"should handle API errors gracefully","duration":2.226325999999972,"failureMessages":[],"meta":{}},{"ancestorTitles":["PatternAPIClient","fetchPatterns"],"fullName":"PatternAPIClient fetchPatterns should use cached patterns within TTL","status":"passed","title":"should use cached patterns within TTL","duration":1.3716950000000452,"failureMessages":[],"meta":{}},{"ancestorTitles":["PatternAPIClient","fetchPatterns"],"fullName":"PatternAPIClient fetchPatterns should handle patterns without API key (public only)","status":"passed","title":"should handle patterns without API key (public only)","duration":1.3272620000000188,"failureMessages":[],"meta":{}},{"ancestorTitles":["PatternAPIClient","PatternAPIClient enhanced patterns"],"fullName":"PatternAPIClient PatternAPIClient enhanced patterns should handle enhanced patterns with AST rules","status":"passed","title":"should handle enhanced patterns with AST rules","duration":1.3250020000000404,"failureMessages":[],"meta":{}},{"ancestorTitles":["PatternAPIClient","PatternAPIClient enhanced patterns"],"fullName":"PatternAPIClient PatternAPIClient enhanced patterns should handle patterns without enhanced features","status":"passed","title":"should handle patterns without enhanced features","duration":0.8838399999999638,"failureMessages":[],"meta":{}}],"startTime":1756409382043,"endTime":1756409382056.8838,"status":"passed","message":"","name":"/home/dylan/dev/rsolv/RSOLV-action/src/security/pattern-api-client.test.ts"},{"assertionResults":[{"ancestorTitles":["Container Integration"],"fullName":"Container Integration setupContainer should set up a container environment","status":"passed","title":"setupContainer should set up a container environment","duration":1.4050680000000284,"failureMessages":[],"meta":{}},{"ancestorTitles":["Container Integration"],"fullName":"Container Integration setupContainer should skip setup if containers are disabled","status":"passed","title":"setupContainer should skip setup if containers are disabled","duration":0.3403539999999339,"failureMessages":[],"meta":{}},{"ancestorTitles":["Container Integration"],"fullName":"Container Integration setupContainer should validate container configuration","status":"passed","title":"setupContainer should validate container configuration","duration":0.5579579999998714,"failureMessages":[],"meta":{}},{"ancestorTitles":["Container Integration"],"fullName":"Container Integration runInContainer should execute a command in a container","status":"passed","title":"runInContainer should execute a command in a container","duration":0.5512840000001233,"failureMessages":[],"meta":{}},{"ancestorTitles":["Container Integration"],"fullName":"Container Integration runInContainer should handle container execution failure","status":"passed","title":"runInContainer should handle container execution failure","duration":0.7620649999998932,"failureMessages":[],"meta":{}}],"startTime":1756409383328,"endTime":1756409383331.762,"status":"passed","message":"","name":"/home/dylan/dev/rsolv/RSOLV-action/tests/integration/container.test.ts"},{"assertionResults":[{"ancestorTitles":["Error Message Sanitization"],"fullName":"Error Message Sanitization should sanitize Anthropic-specific errors","status":"passed","title":"should sanitize Anthropic-specific errors","duration":0.5975300000000061,"failureMessages":[],"meta":{}},{"ancestorTitles":["Error Message Sanitization"],"fullName":"Error Message Sanitization should sanitize OpenAI-specific errors","status":"passed","title":"should sanitize OpenAI-specific errors","duration":0.37191200000006575,"failureMessages":[],"meta":{}},{"ancestorTitles":["Error Message Sanitization"],"fullName":"Error Message Sanitization should handle API key errors generically","status":"passed","title":"should handle API key errors generically","duration":0.26512499999989814,"failureMessages":[],"meta":{}},{"ancestorTitles":["Error Message Sanitization"],"fullName":"Error Message Sanitization should handle unsupported provider errors without exposing internal details","status":"passed","title":"should handle unsupported provider errors without exposing internal details","duration":0.1963829999999689,"failureMessages":[],"meta":{}},{"ancestorTitles":["Error Message Sanitization"],"fullName":"Error Message Sanitization should sanitize network errors","status":"passed","title":"should sanitize network errors","duration":0.3383650000000671,"failureMessages":[],"meta":{}},{"ancestorTitles":["Error Message Sanitization"],"fullName":"Error Message Sanitization should provide helpful error messages without exposing implementation details","status":"passed","title":"should provide helpful error messages without exposing implementation details","duration":0.34405599999990955,"failureMessages":[],"meta":{}}],"startTime":1756409383268,"endTime":1756409383270.344,"status":"passed","message":"","name":"/home/dylan/dev/rsolv/RSOLV-action/tests/integration/error-sanitization.test.ts"},{"assertionResults":[{"ancestorTitles":["Jira Integration Workflow"],"fullName":"Jira Integration Workflow demonstrates the complete workflow from Jira issue to PR","status":"passed","title":"demonstrates the complete workflow from Jira issue to PR","duration":2.682575999999699,"failureMessages":[],"meta":{}},{"ancestorTitles":["Jira Integration Workflow"],"fullName":"Jira Integration Workflow shows how repository info is extracted from Jira","status":"passed","title":"shows how repository info is extracted from Jira","duration":1.3120389999999134,"failureMessages":[],"meta":{}},{"ancestorTitles":["Jira Integration Workflow"],"fullName":"Jira Integration Workflow shows the Jira configuration in action.yml","status":"passed","title":"shows the Jira configuration in action.yml","duration":1.5059900000001107,"failureMessages":[],"meta":{}}],"startTime":1756409383219,"endTime":1756409383224.506,"status":"passed","message":"","name":"/home/dylan/dev/rsolv/RSOLV-action/tests/integration/jira-workflow.test.ts"},{"assertionResults":[{"ancestorTitles":["Unified Processor"],"fullName":"Unified Processor processes issues with basic configuration","status":"passed","title":"processes issues with basic configuration","duration":0.5516280000001643,"failureMessages":[],"meta":{}},{"ancestorTitles":["Unified Processor"],"fullName":"Unified Processor processes issues with security analysis enabled","status":"passed","title":"processes issues with security analysis enabled","duration":0.18838699999969322,"failureMessages":[],"meta":{}},{"ancestorTitles":["Unified Processor"],"fullName":"Unified Processor processes issues with enhanced context","status":"passed","title":"processes issues with enhanced context","duration":0.1872630000002573,"failureMessages":[],"meta":{}},{"ancestorTitles":["Unified Processor"],"fullName":"Unified Processor handles multiple issues","status":"passed","title":"handles multiple issues","duration":0.18098300000019663,"failureMessages":[],"meta":{}},{"ancestorTitles":["Unified Processor"],"fullName":"Unified Processor handles processing errors gracefully","status":"passed","title":"handles processing errors gracefully","duration":0.19772199999988516,"failureMessages":[],"meta":{}},{"ancestorTitles":["Unified Processor"],"fullName":"Unified Processor respects processing options","status":"passed","title":"respects processing options","duration":0.1728610000000117,"failureMessages":[],"meta":{}}],"startTime":1756409382980,"endTime":1756409382982.1729,"status":"passed","message":"","name":"/home/dylan/dev/rsolv/RSOLV-action/tests/integration/unified-processor.test.ts"},{"assertionResults":[{"ancestorTitles":["Pull Request Fix Tracking"],"fullName":"Pull Request Fix Tracking should verify RsolvApiClient is imported in pr.ts","status":"passed","title":"should verify RsolvApiClient is imported in pr.ts","duration":0.1919740000003003,"failureMessages":[],"meta":{}},{"ancestorTitles":["Pull Request Fix Tracking"],"fullName":"Pull Request Fix Tracking should verify recordFixAttempt is called after PR creation","status":"passed","title":"should verify recordFixAttempt is called after PR creation","duration":0.12618800000018382,"failureMessages":[],"meta":{}}],"startTime":1756409383536,"endTime":1756409383536.192,"status":"passed","message":"","name":"/home/dylan/dev/rsolv/RSOLV-action/src/__tests__/integration/pr-tracking.test.ts"},{"assertionResults":[{"ancestorTitles":["AdaptiveTestGenerator - Java Framework Support","JUnit 5 Support"],"fullName":"AdaptiveTestGenerator - Java Framework Support JUnit 5 Support should generate JUnit 5 tests for SQL injection vulnerability","status":"passed","title":"should generate JUnit 5 tests for SQL injection vulnerability","duration":3.253453000000036,"failureMessages":[],"meta":{}},{"ancestorTitles":["AdaptiveTestGenerator - Java Framework Support","JUnit 5 Support"],"fullName":"AdaptiveTestGenerator - Java Framework Support JUnit 5 Support should generate JUnit 5 parameterized tests for multiple attack vectors","status":"passed","title":"should generate JUnit 5 parameterized tests for multiple attack vectors","duration":2.1161540000000514,"failureMessages":[],"meta":{}},{"ancestorTitles":["AdaptiveTestGenerator - Java Framework Support","TestNG Support"],"fullName":"AdaptiveTestGenerator - Java Framework Support TestNG Support should generate TestNG tests for XXE vulnerability","status":"passed","title":"should generate TestNG tests for XXE vulnerability","duration":2.6784459999998944,"failureMessages":[],"meta":{}},{"ancestorTitles":["AdaptiveTestGenerator - Java Framework Support","TestNG Support"],"fullName":"AdaptiveTestGenerator - Java Framework Support TestNG Support should generate TestNG data provider tests","status":"passed","title":"should generate TestNG data provider tests","duration":1.9194290000000365,"failureMessages":[],"meta":{}},{"ancestorTitles":["AdaptiveTestGenerator - Java Framework Support","Spring Boot Integration"],"fullName":"AdaptiveTestGenerator - Java Framework Support Spring Boot Integration should generate Spring Boot test annotations for JUnit 5","status":"passed","title":"should generate Spring Boot test annotations for JUnit 5","duration":2.0202449999999317,"failureMessages":[],"meta":{}}],"startTime":1756409382086,"endTime":1756409382098.0203,"status":"passed","message":"","name":"/home/dylan/dev/rsolv/RSOLV-action/src/ai/__tests__/adaptive-test-generator-java.test.ts"},{"assertionResults":[{"ancestorTitles":["Claude Code Live API Tests"],"fullName":"Claude Code Live API Tests should check if Claude Code CLI is actually available","status":"skipped","title":"should check if Claude Code CLI is actually available","failureMessages":[],"meta":{}},{"ancestorTitles":["Claude Code Live API Tests"],"fullName":"Claude Code Live API Tests should generate real solution using Claude Code","status":"skipped","title":"should generate real solution using Claude Code","failureMessages":[],"meta":{}},{"ancestorTitles":["Claude Code Live API Tests"],"fullName":"Claude Code Live API Tests should work with enhanced prompts in live mode","status":"skipped","title":"should work with enhanced prompts in live mode","failureMessages":[],"meta":{}},{"ancestorTitles":["Claude Code File System Integration"],"fullName":"Claude Code File System Integration should handle real file operations","status":"skipped","title":"should handle real file operations","failureMessages":[],"meta":{}}],"startTime":1756409380659,"endTime":1756409380659,"status":"passed","message":"","name":"/home/dylan/dev/rsolv/RSOLV-action/src/ai/__tests__/claude-code-live.test.ts"},{"assertionResults":[{"ancestorTitles":["DISABLE_FIX_VALIDATION bug reproduction","when DISABLE_FIX_VALIDATION is set"],"fullName":"DISABLE_FIX_VALIDATION bug reproduction when DISABLE_FIX_VALIDATION is set should skip validation regardless of other settings","status":"passed","title":"should skip validation regardless of other settings","duration":10.359557000000223,"failureMessages":[],"meta":{}},{"ancestorTitles":["DISABLE_FIX_VALIDATION bug reproduction","when DISABLE_FIX_VALIDATION is set"],"fullName":"DISABLE_FIX_VALIDATION bug reproduction when DISABLE_FIX_VALIDATION is set should skip validation even if testGeneration.enabled is true","status":"passed","title":"should skip validation even if testGeneration.enabled is true","duration":1.079761999999846,"failureMessages":[],"meta":{}},{"ancestorTitles":["DISABLE_FIX_VALIDATION bug reproduction","proper validation skip logic"],"fullName":"DISABLE_FIX_VALIDATION bug reproduction proper validation skip logic should skip when fixValidation.enabled is false","status":"passed","title":"should skip when fixValidation.enabled is false","duration":0.21273799999971743,"failureMessages":[],"meta":{}},{"ancestorTitles":["DISABLE_FIX_VALIDATION bug reproduction","proper validation skip logic"],"fullName":"DISABLE_FIX_VALIDATION bug reproduction proper validation skip logic should not skip when fixValidation.enabled is true","status":"passed","title":"should not skip when fixValidation.enabled is true","duration":0.1391089999997348,"failureMessages":[],"meta":{}},{"ancestorTitles":["DISABLE_FIX_VALIDATION bug reproduction","proper validation skip logic"],"fullName":"DISABLE_FIX_VALIDATION bug reproduction proper validation skip logic should skip regardless of testGeneration settings when disabled","status":"passed","title":"should skip regardless of testGeneration settings when disabled","duration":0.08420399999977235,"failureMessages":[],"meta":{}}],"startTime":1756409383403,"endTime":1756409383415.0842,"status":"passed","message":"","name":"/home/dylan/dev/rsolv/RSOLV-action/src/ai/__tests__/disable-validation-bug.test.ts"},{"assertionResults":[{"ancestorTitles":["generateSolutionWithFeedback"],"fullName":"generateSolutionWithFeedback generates a solution with feedback integration","status":"passed","title":"generates a solution with feedback integration","duration":0.6601399999999558,"failureMessages":[],"meta":{}},{"ancestorTitles":["generateSolutionWithFeedback"],"fullName":"generateSolutionWithFeedback should integrate feedback when enhancing AI prompts","status":"passed","title":"should integrate feedback when enhancing AI prompts","duration":0.6830549999999675,"failureMessages":[],"meta":{}}],"startTime":1756409383455,"endTime":1756409383456.683,"status":"passed","message":"","name":"/home/dylan/dev/rsolv/RSOLV-action/src/ai/__tests__/feedbackEnhanced.test.ts"},{"assertionResults":[{"ancestorTitles":["Git Status - .rsolv Directory Handling"],"fullName":"Git Status - .rsolv Directory Handling should ignore .rsolv/ directory in git status check","status":"passed","title":"should ignore .rsolv/ directory in git status check","duration":1.3442509999999857,"failureMessages":[],"meta":{}},{"ancestorTitles":["Git Status - .rsolv Directory Handling"],"fullName":"Git Status - .rsolv Directory Handling should still detect real uncommitted changes","status":"passed","title":"should still detect real uncommitted changes","duration":0.24081099999966682,"failureMessages":[],"meta":{}}],"startTime":1756409383493,"endTime":1756409383494.3442,"status":"passed","message":"","name":"/home/dylan/dev/rsolv/RSOLV-action/src/ai/__tests__/git-status-rsolv-ignore.test.ts"},{"assertionResults":[{"ancestorTitles":["Phase 6E: Integration Tests for Java/PHP Fix Validation","Simulated Fix Iteration Scenarios"],"fullName":"Phase 6E: Integration Tests for Java/PHP Fix Validation Simulated Fix Iteration Scenarios should handle Java SQL injection with multiple fix attempts","status":"passed","title":"should handle Java SQL injection with multiple fix attempts","duration":1.5728639999999814,"failureMessages":[],"meta":{}},{"ancestorTitles":["Phase 6E: Integration Tests for Java/PHP Fix Validation","Simulated Fix Iteration Scenarios"],"fullName":"Phase 6E: Integration Tests for Java/PHP Fix Validation Simulated Fix Iteration Scenarios should handle PHP SQL injection with PDO migration","status":"passed","title":"should handle PHP SQL injection with PDO migration","duration":3.70944099999997,"failureMessages":[],"meta":{}},{"ancestorTitles":["Phase 6E: Integration Tests for Java/PHP Fix Validation","Simulated Fix Iteration Scenarios"],"fullName":"Phase 6E: Integration Tests for Java/PHP Fix Validation Simulated Fix Iteration Scenarios should respect max iteration limits for complex vulnerabilities","status":"passed","title":"should respect max iteration limits for complex vulnerabilities","duration":0.31564800000001014,"failureMessages":[],"meta":{}},{"ancestorTitles":["Phase 6E: Integration Tests for Java/PHP Fix Validation","Test Context Generation"],"fullName":"Phase 6E: Integration Tests for Java/PHP Fix Validation Test Context Generation should generate proper Java test context for Claude Code","status":"passed","title":"should generate proper Java test context for Claude Code","duration":0.2313850000000457,"failureMessages":[],"meta":{}},{"ancestorTitles":["Phase 6E: Integration Tests for Java/PHP Fix Validation","Test Context Generation"],"fullName":"Phase 6E: Integration Tests for Java/PHP Fix Validation Test Context Generation should generate proper PHP test context for Claude Code","status":"passed","title":"should generate proper PHP test context for Claude Code","duration":0.23982700000010482,"failureMessages":[],"meta":{}},{"ancestorTitles":["Phase 6E: Integration Tests for Java/PHP Fix Validation","Language-Specific Fix Validation"],"fullName":"Phase 6E: Integration Tests for Java/PHP Fix Validation Language-Specific Fix Validation should validate Java fixes use approved patterns","status":"passed","title":"should validate Java fixes use approved patterns","duration":0.4389160000000629,"failureMessages":[],"meta":{}},{"ancestorTitles":["Phase 6E: Integration Tests for Java/PHP Fix Validation","Language-Specific Fix Validation"],"fullName":"Phase 6E: Integration Tests for Java/PHP Fix Validation Language-Specific Fix Validation should validate PHP fixes use approved patterns","status":"passed","title":"should validate PHP fixes use approved patterns","duration":0.30769599999985076,"failureMessages":[],"meta":{}}],"startTime":1756409381790,"endTime":1756409381797.3076,"status":"passed","message":"","name":"/home/dylan/dev/rsolv/RSOLV-action/src/ai/__tests__/phase-6e-integration.test.ts"},{"assertionResults":[{"ancestorTitles":["SecurityAwareAnalyzer","Security Analysis"],"fullName":"SecurityAwareAnalyzer Security Analysis should detect SQL injection vulnerabilities in code","status":"passed","title":"should detect SQL injection vulnerabilities in code","duration":11.054954999999836,"failureMessages":[],"meta":{}},{"ancestorTitles":["SecurityAwareAnalyzer","Security Analysis"],"fullName":"SecurityAwareAnalyzer Security Analysis should detect XSS vulnerabilities in code","status":"passed","title":"should detect XSS vulnerabilities in code","duration":1.0825260000001435,"failureMessages":[],"meta":{}},{"ancestorTitles":["SecurityAwareAnalyzer","Security Analysis"],"fullName":"SecurityAwareAnalyzer Security Analysis should calculate appropriate risk levels","status":"passed","title":"should calculate appropriate risk levels","duration":0.8960569999999279,"failureMessages":[],"meta":{}},{"ancestorTitles":["SecurityAwareAnalyzer","Security Analysis"],"fullName":"SecurityAwareAnalyzer Security Analysis should adjust complexity based on security risk","status":"passed","title":"should adjust complexity based on security risk","duration":1.1086460000001352,"failureMessages":[],"meta":{}},{"ancestorTitles":["SecurityAwareAnalyzer","Security Analysis"],"fullName":"SecurityAwareAnalyzer Security Analysis should handle files with no vulnerabilities","status":"passed","title":"should handle files with no vulnerabilities","duration":0.5435999999999694,"failureMessages":[],"meta":{}},{"ancestorTitles":["SecurityAwareAnalyzer","Security Analysis"],"fullName":"SecurityAwareAnalyzer Security Analysis should handle mixed languages","status":"passed","title":"should handle mixed languages","duration":0.6890129999999317,"failureMessages":[],"meta":{}},{"ancestorTitles":["SecurityAwareAnalyzer","Issue Type Detection"],"fullName":"SecurityAwareAnalyzer Issue Type Detection should detect security issues from title and body","status":"passed","title":"should detect security issues from title and body","duration":0.2760270000001128,"failureMessages":[],"meta":{}},{"ancestorTitles":["SecurityAwareAnalyzer","Issue Type Detection"],"fullName":"SecurityAwareAnalyzer Issue Type Detection should detect bug issues","status":"passed","title":"should detect bug issues","duration":0.22236799999996038,"failureMessages":[],"meta":{}}],"startTime":1756409382145,"endTime":1756409382160.2761,"status":"passed","message":"","name":"/home/dylan/dev/rsolv/RSOLV-action/src/ai/__tests__/security-analyzer.test.ts"},{"assertionResults":[{"ancestorTitles":["Validation Skip Logic","shouldSkipValidation (correct logic)"],"fullName":"Validation Skip Logic shouldSkipValidation (correct logic) should skip when fixValidation.enabled is false","status":"passed","title":"should skip when fixValidation.enabled is false","duration":0.5316830000001573,"failureMessages":[],"meta":{}},{"ancestorTitles":["Validation Skip Logic","shouldSkipValidation (correct logic)"],"fullName":"Validation Skip Logic shouldSkipValidation (correct logic) should not skip when fixValidation.enabled is true","status":"passed","title":"should not skip when fixValidation.enabled is true","duration":0.31284999999979846,"failureMessages":[],"meta":{}},{"ancestorTitles":["Validation Skip Logic","shouldSkipValidation (correct logic)"],"fullName":"Validation Skip Logic shouldSkipValidation (correct logic) should not skip when fixValidation.enabled is undefined","status":"passed","title":"should not skip when fixValidation.enabled is undefined","duration":0.3182310000001962,"failureMessages":[],"meta":{}},{"ancestorTitles":["Validation Skip Logic","buggyValidationCondition (current bug)"],"fullName":"Validation Skip Logic buggyValidationCondition (current bug) FAILS to skip validation when DISABLE_FIX_VALIDATION is set but testGeneration.validateFixes is true","status":"passed","title":"FAILS to skip validation when DISABLE_FIX_VALIDATION is set but testGeneration.validateFixes is true","duration":0.3519019999998818,"failureMessages":[],"meta":{}},{"ancestorTitles":["Validation Skip Logic","buggyValidationCondition (current bug)"],"fullName":"Validation Skip Logic buggyValidationCondition (current bug) correctly skips when both are false","status":"passed","title":"correctly skips when both are false","duration":0.32114099999989776,"failureMessages":[],"meta":{}},{"ancestorTitles":["Validation Skip Logic","Fixed validation condition"],"fullName":"Validation Skip Logic Fixed validation condition should NOT enter validation when DISABLE_FIX_VALIDATION is set","status":"passed","title":"should NOT enter validation when DISABLE_FIX_VALIDATION is set","duration":0.37733799999978146,"failureMessages":[],"meta":{}},{"ancestorTitles":["Validation Skip Logic","Fixed validation condition"],"fullName":"Validation Skip Logic Fixed validation condition should enter validation when fixValidation.enabled is true","status":"passed","title":"should enter validation when fixValidation.enabled is true","duration":0.29936499999985244,"failureMessages":[],"meta":{}},{"ancestorTitles":["Validation Skip Logic","Fixed validation condition"],"fullName":"Validation Skip Logic Fixed validation condition should enter validation when testGeneration.validateFixes is true and not disabled","status":"passed","title":"should enter validation when testGeneration.validateFixes is true and not disabled","duration":0.3474880000003395,"failureMessages":[],"meta":{}},{"ancestorTitles":["Validation Skip Logic","Fixed validation condition"],"fullName":"Validation Skip Logic Fixed validation condition should not enter validation when both are false/undefined","status":"passed","title":"should not enter validation when both are false/undefined","duration":0.3753159999996569,"failureMessages":[],"meta":{}}],"startTime":1756409383287,"endTime":1756409383291.3752,"status":"passed","message":"","name":"/home/dylan/dev/rsolv/RSOLV-action/src/ai/__tests__/validation-skip-logic.test.ts"},{"assertionResults":[{"ancestorTitles":["RFC-046: Multi-file Vulnerability Chunking","Basic Chunking"],"fullName":"RFC-046: Multi-file Vulnerability Chunking Basic Chunking should split 14-file vulnerability into chunks of 3","status":"passed","title":"should split 14-file vulnerability into chunks of 3","duration":1.2990270000000237,"failureMessages":[],"meta":{}},{"ancestorTitles":["RFC-046: Multi-file Vulnerability Chunking","Basic Chunking"],"fullName":"RFC-046: Multi-file Vulnerability Chunking Basic Chunking should respect token limits per chunk","status":"passed","title":"should respect token limits per chunk","duration":0.5466039999998884,"failureMessages":[],"meta":{}},{"ancestorTitles":["RFC-046: Multi-file Vulnerability Chunking","Basic Chunking"],"fullName":"RFC-046: Multi-file Vulnerability Chunking Basic Chunking should keep related files together when possible","status":"passed","title":"should keep related files together when possible","duration":0.3456659999999374,"failureMessages":[],"meta":{}},{"ancestorTitles":["RFC-046: Multi-file Vulnerability Chunking","Chunking Strategies"],"fullName":"RFC-046: Multi-file Vulnerability Chunking Chunking Strategies should group files by module","status":"passed","title":"should group files by module","duration":0.4407940000000963,"failureMessages":[],"meta":{}},{"ancestorTitles":["RFC-046: Multi-file Vulnerability Chunking","Chunking Strategies"],"fullName":"RFC-046: Multi-file Vulnerability Chunking Chunking Strategies should group files by severity","status":"passed","title":"should group files by severity","duration":0.30621900000005553,"failureMessages":[],"meta":{}},{"ancestorTitles":["RFC-046: Multi-file Vulnerability Chunking","Chunking Strategies"],"fullName":"RFC-046: Multi-file Vulnerability Chunking Chunking Strategies should analyze file dependencies","status":"passed","title":"should analyze file dependencies","duration":0.5092529999999442,"failureMessages":[],"meta":{}},{"ancestorTitles":["RFC-046: Multi-file Vulnerability Chunking","Multi-PR Generation"],"fullName":"RFC-046: Multi-file Vulnerability Chunking Multi-PR Generation should generate multiple PRs for chunked vulnerability","status":"passed","title":"should generate multiple PRs for chunked vulnerability","duration":7.207572000000027,"failureMessages":[],"meta":{}},{"ancestorTitles":["RFC-046: Multi-file Vulnerability Chunking","Multi-PR Generation"],"fullName":"RFC-046: Multi-file Vulnerability Chunking Multi-PR Generation should link PRs in series with dependencies","status":"passed","title":"should link PRs in series with dependencies","duration":1.003219000000172,"failureMessages":[],"meta":{}},{"ancestorTitles":["RFC-046: Multi-file Vulnerability Chunking","Complexity Analysis"],"fullName":"RFC-046: Multi-file Vulnerability Chunking Complexity Analysis should calculate complexity based on file count","status":"passed","title":"should calculate complexity based on file count","duration":8.915817999999945,"failureMessages":[],"meta":{}},{"ancestorTitles":["RFC-046: Multi-file Vulnerability Chunking","Complexity Analysis"],"fullName":"RFC-046: Multi-file Vulnerability Chunking Complexity Analysis should route complex vulnerabilities to manual guide","status":"passed","title":"should route complex vulnerabilities to manual guide","duration":0.9035949999999957,"failureMessages":[],"meta":{}},{"ancestorTitles":["RFC-046: Multi-file Vulnerability Chunking","Special Handlers"],"fullName":"RFC-046: Multi-file Vulnerability Chunking Special Handlers should handle hardcoded secrets with environment variables","status":"passed","title":"should handle hardcoded secrets with environment variables","duration":9.622381999999789,"failureMessages":[],"meta":{}},{"ancestorTitles":["RFC-046: Multi-file Vulnerability Chunking","Special Handlers"],"fullName":"RFC-046: Multi-file Vulnerability Chunking Special Handlers should not break functionality when removing secrets","status":"passed","title":"should not break functionality when removing secrets","duration":0.9394230000000334,"failureMessages":[],"meta":{}}],"startTime":1756409381970,"endTime":1756409382002.9395,"status":"passed","message":"","name":"/home/dylan/dev/rsolv/RSOLV-action/src/chunking/__tests__/vulnerability-chunker.test.ts"},{"assertionResults":[{"ancestorTitles":["Container Run"],"fullName":"Container Run should run command successfully","status":"passed","title":"should run command successfully","duration":2.153909999999996,"failureMessages":[],"meta":{}},{"ancestorTitles":["Container Run"],"fullName":"Container Run should fail when containers are disabled","status":"passed","title":"should fail when containers are disabled","duration":2.344654999999875,"failureMessages":[],"meta":{}},{"ancestorTitles":["Container Run"],"fullName":"Container Run should create and clean up temporary directory","status":"passed","title":"should create and clean up temporary directory","duration":0.927487999999812,"failureMessages":[],"meta":{}},{"ancestorTitles":["Container Run"],"fullName":"Container Run should use provided working directory","status":"passed","title":"should use provided working directory","duration":1.1786780000002182,"failureMessages":[],"meta":{}},{"ancestorTitles":["Container Run"],"fullName":"Container Run should handle command execution failure","status":"passed","title":"should handle command execution failure","duration":1.091932999999699,"failureMessages":[],"meta":{}},{"ancestorTitles":["Container Run"],"fullName":"Container Run should include environment variables in Docker command","status":"passed","title":"should include environment variables in Docker command","duration":0.9336610000000292,"failureMessages":[],"meta":{}},{"ancestorTitles":["Container Run"],"fullName":"Container Run should apply resource limits","status":"passed","title":"should apply resource limits","duration":0.7481229999998504,"failureMessages":[],"meta":{}},{"ancestorTitles":["Container Run"],"fullName":"Container Run should add security options","status":"passed","title":"should add security options","duration":0.656695000000127,"failureMessages":[],"meta":{}},{"ancestorTitles":["Container Run"],"fullName":"Container Run should handle volume mounts","status":"passed","title":"should handle volume mounts","duration":0.7908250000000407,"failureMessages":[],"meta":{}},{"ancestorTitles":["Container Run"],"fullName":"Container Run should escape shell arguments properly","status":"passed","title":"should escape shell arguments properly","duration":0.7781270000000404,"failureMessages":[],"meta":{}},{"ancestorTitles":["Container Run"],"fullName":"Container Run should use custom timeout","status":"passed","title":"should use custom timeout","duration":0.5002960000001622,"failureMessages":[],"meta":{}},{"ancestorTitles":["Container Run"],"fullName":"Container Run should handle timeout errors","status":"passed","title":"should handle timeout errors","duration":0.6693860000000313,"failureMessages":[],"meta":{}}],"startTime":1756409382792,"endTime":1756409382805.6694,"status":"passed","message":"","name":"/home/dylan/dev/rsolv/RSOLV-action/src/containers/__tests__/run.test.ts"},{"assertionResults":[{"ancestorTitles":["RSOLVCredentialManager","initialize"],"fullName":"RSOLVCredentialManager initialize should exchange RSOLV API key for temporary credentials","status":"passed","title":"should exchange RSOLV API key for temporary credentials","duration":5.228547000000162,"failureMessages":[],"meta":{}},{"ancestorTitles":["RSOLVCredentialManager","initialize"],"fullName":"RSOLVCredentialManager initialize should throw error on failed API response","status":"passed","title":"should throw error on failed API response","duration":7.6378819999999905,"failureMessages":[],"meta":{}},{"ancestorTitles":["RSOLVCredentialManager","initialize"],"fullName":"RSOLVCredentialManager initialize should throw error on network failure","status":"passed","title":"should throw error on network failure","duration":3.025196000000051,"failureMessages":[],"meta":{}},{"ancestorTitles":["RSOLVCredentialManager","initialize"],"fullName":"RSOLVCredentialManager initialize should schedule credential refresh before expiration","status":"passed","title":"should schedule credential refresh before expiration","duration":1.329242000000022,"failureMessages":[],"meta":{}},{"ancestorTitles":["RSOLVCredentialManager","getCredential"],"fullName":"RSOLVCredentialManager getCredential should return valid credential","status":"passed","title":"should return valid credential","duration":1.248303000000078,"failureMessages":[],"meta":{}},{"ancestorTitles":["RSOLVCredentialManager","getCredential"],"fullName":"RSOLVCredentialManager getCredential should throw error for expired credential","status":"passed","title":"should throw error for expired credential","duration":1.370604000000185,"failureMessages":[],"meta":{}},{"ancestorTitles":["RSOLVCredentialManager","getCredential"],"fullName":"RSOLVCredentialManager getCredential should throw error for non-existent provider","status":"passed","title":"should throw error for non-existent provider","duration":1.2374070000000756,"failureMessages":[],"meta":{}},{"ancestorTitles":["RSOLVCredentialManager","reportUsage"],"fullName":"RSOLVCredentialManager reportUsage should report usage metrics","status":"passed","title":"should report usage metrics","duration":1.6148109999999178,"failureMessages":[],"meta":{}},{"ancestorTitles":["RSOLVCredentialManager","reportUsage"],"fullName":"RSOLVCredentialManager reportUsage should handle usage reporting failure gracefully","status":"passed","title":"should handle usage reporting failure gracefully","duration":1.1910130000001118,"failureMessages":[],"meta":{}},{"ancestorTitles":["RSOLVCredentialManager","cleanup"],"fullName":"RSOLVCredentialManager cleanup should clear credentials and cancel refresh timers","status":"passed","title":"should clear credentials and cancel refresh timers","duration":1.2040680000000066,"failureMessages":[],"meta":{}}],"startTime":1756409381891,"endTime":1756409381917.204,"status":"passed","message":"","name":"/home/dylan/dev/rsolv/RSOLV-action/src/credentials/__tests__/manager.test.ts"},{"assertionResults":[{"ancestorTitles":["Feedback Types"],"fullName":"Feedback Types should allow creating a valid FeedbackEvent","status":"passed","title":"should allow creating a valid FeedbackEvent","duration":0.5296550000002753,"failureMessages":[],"meta":{}},{"ancestorTitles":["Feedback Types"],"fullName":"Feedback Types should allow creating a valid FeedbackEvent with modifications","status":"passed","title":"should allow creating a valid FeedbackEvent with modifications","duration":0.3750169999998434,"failureMessages":[],"meta":{}},{"ancestorTitles":["Feedback Types"],"fullName":"Feedback Types should allow creating a valid PromptEnhancementContext","status":"passed","title":"should allow creating a valid PromptEnhancementContext","duration":0.5570729999999458,"failureMessages":[],"meta":{}},{"ancestorTitles":["Feedback Types"],"fullName":"Feedback Types should enforce proper enumeration values","status":"passed","title":"should enforce proper enumeration values","duration":0.6664370000003146,"failureMessages":[],"meta":{}}],"startTime":1756409383344,"endTime":1756409383345.6665,"status":"passed","message":"","name":"/home/dylan/dev/rsolv/RSOLV-action/src/feedback/__tests__/types.test.ts"},{"assertionResults":[{"ancestorTitles":["PR Integration with Fix Attempt Recording"],"fullName":"PR Integration with Fix Attempt Recording should record fix attempt after successful PR creation","status":"passed","title":"should record fix attempt after successful PR creation","duration":1.3954850000000079,"failureMessages":[],"meta":{}},{"ancestorTitles":["PR Integration with Fix Attempt Recording"],"fullName":"PR Integration with Fix Attempt Recording should handle PR without issue reference","status":"passed","title":"should handle PR without issue reference","duration":0.6806300000000647,"failureMessages":[],"meta":{}},{"ancestorTitles":["PR Integration with Fix Attempt Recording"],"fullName":"PR Integration with Fix Attempt Recording should handle API errors gracefully without failing PR creation","status":"passed","title":"should handle API errors gracefully without failing PR creation","duration":0.3279569999999694,"failureMessages":[],"meta":{}},{"ancestorTitles":["PR Integration with Fix Attempt Recording"],"fullName":"PR Integration with Fix Attempt Recording should handle network errors gracefully","status":"passed","title":"should handle network errors gracefully","duration":0.26961899999992056,"failureMessages":[],"meta":{}},{"ancestorTitles":["PR Integration with Fix Attempt Recording"],"fullName":"PR Integration with Fix Attempt Recording should use environment variables for configuration","status":"passed","title":"should use environment variables for configuration","duration":0.3026969999998528,"failureMessages":[],"meta":{}}],"startTime":1756409382129,"endTime":1756409382132.3027,"status":"passed","message":"","name":"/home/dylan/dev/rsolv/RSOLV-action/src/external/__tests__/pr-integration.test.ts"},{"assertionResults":[{"ancestorTitles":["Phase Decomposition - processIssueWithGit refactoring","Scan Phase Extraction"],"fullName":"Phase Decomposition - processIssueWithGit refactoring Scan Phase Extraction executeScanForIssue should analyze issue and determine if fixable","status":"passed","title":"executeScanForIssue should analyze issue and determine if fixable","duration":78.433041,"failureMessages":[],"meta":{}},{"ancestorTitles":["Phase Decomposition - processIssueWithGit refactoring","Scan Phase Extraction"],"fullName":"Phase Decomposition - processIssueWithGit refactoring Scan Phase Extraction executeScanForIssue should fail if git has uncommitted changes","status":"passed","title":"executeScanForIssue should fail if git has uncommitted changes","duration":0.3775150000000167,"failureMessages":[],"meta":{}},{"ancestorTitles":["Phase Decomposition - processIssueWithGit refactoring","Scan Phase Extraction"],"fullName":"Phase Decomposition - processIssueWithGit refactoring Scan Phase Extraction executeScanForIssue should store scan results in PhaseDataClient","status":"passed","title":"executeScanForIssue should store scan results in PhaseDataClient","duration":1.3926559999999881,"failureMessages":[],"meta":{}},{"ancestorTitles":["Phase Decomposition - processIssueWithGit refactoring","Validate Phase Extraction"],"fullName":"Phase Decomposition - processIssueWithGit refactoring Validate Phase Extraction executeValidateForIssue should generate tests for vulnerability","status":"passed","title":"executeValidateForIssue should generate tests for vulnerability","duration":14.69078300000001,"failureMessages":[],"meta":{}},{"ancestorTitles":["Phase Decomposition - processIssueWithGit refactoring","Validate Phase Extraction"],"fullName":"Phase Decomposition - processIssueWithGit refactoring Validate Phase Extraction executeValidateForIssue should use TestGeneratingSecurityAnalyzer","status":"passed","title":"executeValidateForIssue should use TestGeneratingSecurityAnalyzer","duration":5.0507089999999835,"failureMessages":[],"meta":{}},{"ancestorTitles":["Phase Decomposition - processIssueWithGit refactoring","Validate Phase Extraction"],"fullName":"Phase Decomposition - processIssueWithGit refactoring Validate Phase Extraction executeValidateForIssue should store validation results","status":"passed","title":"executeValidateForIssue should store validation results","duration":1.8955470000000787,"failureMessages":[],"meta":{}},{"ancestorTitles":["Phase Decomposition - processIssueWithGit refactoring","Mitigate Phase Extraction"],"fullName":"Phase Decomposition - processIssueWithGit refactoring Mitigate Phase Extraction executeMitigateForIssue should apply fix using Claude Code","status":"passed","title":"executeMitigateForIssue should apply fix using Claude Code","duration":5.532204999999976,"failureMessages":[],"meta":{}},{"ancestorTitles":["Phase Decomposition - processIssueWithGit refactoring","Mitigate Phase Extraction"],"fullName":"Phase Decomposition - processIssueWithGit refactoring Mitigate Phase Extraction executeMitigateForIssue should validate fix with generated tests","status":"passed","title":"executeMitigateForIssue should validate fix with generated tests","duration":5.875026999999932,"failureMessages":[],"meta":{}},{"ancestorTitles":["Phase Decomposition - processIssueWithGit refactoring","Mitigate Phase Extraction"],"fullName":"Phase Decomposition - processIssueWithGit refactoring Mitigate Phase Extraction executeMitigateForIssue should retry on validation failure","status":"passed","title":"executeMitigateForIssue should retry on validation failure","duration":4.384773999999993,"failureMessages":[],"meta":{}},{"ancestorTitles":["Phase Decomposition - processIssueWithGit refactoring","Full Three-Phase Execution"],"fullName":"Phase Decomposition - processIssueWithGit refactoring Full Three-Phase Execution executeThreePhaseForIssue should run all phases sequentially","status":"passed","title":"executeThreePhaseForIssue should run all phases sequentially","duration":15.720327999999995,"failureMessages":[],"meta":{}},{"ancestorTitles":["Phase Decomposition - processIssueWithGit refactoring","Full Three-Phase Execution"],"fullName":"Phase Decomposition - processIssueWithGit refactoring Full Three-Phase Execution executeThreePhaseForIssue should abort if scan determines not fixable","status":"passed","title":"executeThreePhaseForIssue should abort if scan determines not fixable","duration":0.5534330000000409,"failureMessages":[],"meta":{}},{"ancestorTitles":["Phase Decomposition - processIssueWithGit refactoring","Full Three-Phase Execution"],"fullName":"Phase Decomposition - processIssueWithGit refactoring Full Three-Phase Execution executeThreePhaseForIssue should pass data between phases","status":"passed","title":"executeThreePhaseForIssue should pass data between phases","duration":0.9408650000000307,"failureMessages":[],"meta":{}}],"startTime":1756409381318,"endTime":1756409381453.941,"status":"passed","message":"","name":"/home/dylan/dev/rsolv/RSOLV-action/src/modes/__tests__/phase-decomposition.test.ts"},{"assertionResults":[{"ancestorTitles":["Ruby Vulnerability Detection"],"fullName":"Ruby Vulnerability Detection should have Ruby SQL injection pattern","status":"passed","title":"should have Ruby SQL injection pattern","duration":0.16037099999994098,"failureMessages":[],"meta":{}},{"ancestorTitles":["Ruby Vulnerability Detection"],"fullName":"Ruby Vulnerability Detection should match Ruby SQL injection with regex","status":"passed","title":"should match Ruby SQL injection with regex","duration":0.1318170000004102,"failureMessages":[],"meta":{}},{"ancestorTitles":["Ruby Vulnerability Detection"],"fullName":"Ruby Vulnerability Detection should detect Ruby SQL injection with detector","status":"passed","title":"should detect Ruby SQL injection with detector","duration":0.4853100000000268,"failureMessages":[],"meta":{}},{"ancestorTitles":["Ruby Vulnerability Detection"],"fullName":"Ruby Vulnerability Detection should detect Ruby SQL injection in full code","status":"passed","title":"should detect Ruby SQL injection in full code","duration":0.4058500000001004,"failureMessages":[],"meta":{}}],"startTime":1756409383509,"endTime":1756409383509.4854,"status":"passed","message":"","name":"/home/dylan/dev/rsolv/RSOLV-action/src/security/__tests__/ruby-detection.test.ts"},{"assertionResults":[{"ancestorTitles":["Safe Usage Detection","SQL Injection Safe Patterns"],"fullName":"Safe Usage Detection SQL Injection Safe Patterns should recognize parameterized queries as safe","status":"passed","title":"should recognize parameterized queries as safe","duration":0.09716600000001563,"failureMessages":[],"meta":{}},{"ancestorTitles":["Safe Usage Detection","SQL Injection Safe Patterns"],"fullName":"Safe Usage Detection SQL Injection Safe Patterns should recognize prepared statements as safe","status":"passed","title":"should recognize prepared statements as safe","duration":0.05252100000006976,"failureMessages":[],"meta":{}},{"ancestorTitles":["Safe Usage Detection","SQL Injection Safe Patterns"],"fullName":"Safe Usage Detection SQL Injection Safe Patterns should NOT consider Ruby hash syntax as safe SQL","status":"passed","title":"should NOT consider Ruby hash syntax as safe SQL","duration":0.03465300000016214,"failureMessages":[],"meta":{}},{"ancestorTitles":["Safe Usage Detection","SQL Injection Safe Patterns"],"fullName":"Safe Usage Detection SQL Injection Safe Patterns should NOT consider Ruby string interpolation as safe","status":"passed","title":"should NOT consider Ruby string interpolation as safe","duration":0.031362000000171975,"failureMessages":[],"meta":{}},{"ancestorTitles":["Safe Usage Detection","SQL Injection Safe Patterns"],"fullName":"Safe Usage Detection SQL Injection Safe Patterns should recognize actual named parameters as safe","status":"passed","title":"should recognize actual named parameters as safe","duration":0.031630999999833875,"failureMessages":[],"meta":{}},{"ancestorTitles":["Safe Usage Detection","Language-specific patterns"],"fullName":"Safe Usage Detection Language-specific patterns should handle Ruby ActiveRecord safe patterns","status":"passed","title":"should handle Ruby ActiveRecord safe patterns","duration":0.038496000000122876,"failureMessages":[],"meta":{}},{"ancestorTitles":["Safe Usage Detection","Language-specific patterns"],"fullName":"Safe Usage Detection Language-specific patterns should handle Python parameterized queries","status":"passed","title":"should handle Python parameterized queries","duration":0.030195999999705236,"failureMessages":[],"meta":{}}],"startTime":1756409383522,"endTime":1756409383522.0972,"status":"passed","message":"","name":"/home/dylan/dev/rsolv/RSOLV-action/src/security/__tests__/safe-usage.test.ts"},{"assertionResults":[{"ancestorTitles":["Error Sanitizer","sanitizeErrorMessage"],"fullName":"Error Sanitizer sanitizeErrorMessage should remove Anthropic references","status":"passed","title":"should remove Anthropic references","duration":1.0505450000000565,"failureMessages":[],"meta":{}},{"ancestorTitles":["Error Sanitizer","sanitizeErrorMessage"],"fullName":"Error Sanitizer sanitizeErrorMessage should remove OpenAI references","status":"passed","title":"should remove OpenAI references","duration":0.44892399999980626,"failureMessages":[],"meta":{}},{"ancestorTitles":["Error Sanitizer","sanitizeErrorMessage"],"fullName":"Error Sanitizer sanitizeErrorMessage should sanitize API URLs","status":"passed","title":"should sanitize API URLs","duration":0.3505849999996826,"failureMessages":[],"meta":{}},{"ancestorTitles":["Error Sanitizer","sanitizeErrorMessage"],"fullName":"Error Sanitizer sanitizeErrorMessage should sanitize API keys and credentials","status":"passed","title":"should sanitize API keys and credentials","duration":0.38027899999997317,"failureMessages":[],"meta":{}},{"ancestorTitles":["Error Sanitizer","sanitizeErrorMessage"],"fullName":"Error Sanitizer sanitizeErrorMessage should sanitize model names","status":"passed","title":"should sanitize model names","duration":0.4466319999996813,"failureMessages":[],"meta":{}},{"ancestorTitles":["Error Sanitizer","sanitizeErrorMessage"],"fullName":"Error Sanitizer sanitizeErrorMessage should handle complex error messages","status":"passed","title":"should handle complex error messages","duration":0.10930000000007567,"failureMessages":[],"meta":{}},{"ancestorTitles":["Error Sanitizer","sanitizeErrorMessage"],"fullName":"Error Sanitizer sanitizeErrorMessage should preserve helpful error context","status":"passed","title":"should preserve helpful error context","duration":0.1374020000002929,"failureMessages":[],"meta":{}},{"ancestorTitles":["Error Sanitizer","sanitizeErrorMessage"],"fullName":"Error Sanitizer sanitizeErrorMessage should handle edge cases","status":"passed","title":"should handle edge cases","duration":0.08610499999986132,"failureMessages":[],"meta":{}},{"ancestorTitles":["Error Sanitizer","sanitizeError"],"fullName":"Error Sanitizer sanitizeError should sanitize Error objects","status":"passed","title":"should sanitize Error objects","duration":0.15438300000005256,"failureMessages":[],"meta":{}},{"ancestorTitles":["Error Sanitizer","sanitizeError"],"fullName":"Error Sanitizer sanitizeError should handle non-Error objects","status":"passed","title":"should handle non-Error objects","duration":0.08527400000002672,"failureMessages":[],"meta":{}},{"ancestorTitles":["Error Sanitizer","sanitizeError"],"fullName":"Error Sanitizer sanitizeError should handle complex objects","status":"passed","title":"should handle complex objects","duration":0.09336099999973158,"failureMessages":[],"meta":{}}],"startTime":1756409382963,"endTime":1756409382966.1543,"status":"passed","message":"","name":"/home/dylan/dev/rsolv/RSOLV-action/src/utils/__tests__/error-sanitizer.test.ts"},{"assertionResults":[{"ancestorTitles":["RFC-047: Vendor Library Detection","Vendor Directory Detection"],"fullName":"RFC-047: Vendor Library Detection Vendor Directory Detection should detect node_modules as vendor","status":"passed","title":"should detect node_modules as vendor","duration":1.0014459999997598,"failureMessages":[],"meta":{}},{"ancestorTitles":["RFC-047: Vendor Library Detection","Vendor Directory Detection"],"fullName":"RFC-047: Vendor Library Detection Vendor Directory Detection should detect vendor directory as vendor","status":"passed","title":"should detect vendor directory as vendor","duration":0.37372000000004846,"failureMessages":[],"meta":{}},{"ancestorTitles":["RFC-047: Vendor Library Detection","Vendor Directory Detection"],"fullName":"RFC-047: Vendor Library Detection Vendor Directory Detection should detect bower_components as vendor","status":"passed","title":"should detect bower_components as vendor","duration":0.25875900000028196,"failureMessages":[],"meta":{}},{"ancestorTitles":["RFC-047: Vendor Library Detection","Vendor Directory Detection"],"fullName":"RFC-047: Vendor Library Detection Vendor Directory Detection should detect minified files as vendor","status":"passed","title":"should detect minified files as vendor","duration":0.2867729999998119,"failureMessages":[],"meta":{}},{"ancestorTitles":["RFC-047: Vendor Library Detection","Vendor Directory Detection"],"fullName":"RFC-047: Vendor Library Detection Vendor Directory Detection should not detect application code as vendor","status":"passed","title":"should not detect application code as vendor","duration":1.0392619999997805,"failureMessages":[],"meta":{}},{"ancestorTitles":["RFC-047: Vendor Library Detection","Vendor Directory Detection"],"fullName":"RFC-047: Vendor Library Detection Vendor Directory Detection should detect by file header comment","status":"passed","title":"should detect by file header comment","duration":0.6306349999999838,"failureMessages":[],"meta":{}},{"ancestorTitles":["RFC-047: Vendor Library Detection","Library Identification"],"fullName":"RFC-047: Vendor Library Detection Library Identification should identify jQuery from file path","status":"passed","title":"should identify jQuery from file path","duration":0.8687999999997373,"failureMessages":[],"meta":{}},{"ancestorTitles":["RFC-047: Vendor Library Detection","Library Identification"],"fullName":"RFC-047: Vendor Library Detection Library Identification should identify Bootstrap from file content","status":"passed","title":"should identify Bootstrap from file content","duration":0.8484049999997296,"failureMessages":[],"meta":{}},{"ancestorTitles":["RFC-047: Vendor Library Detection","Library Identification"],"fullName":"RFC-047: Vendor Library Detection Library Identification should return null for non-vendor files","status":"passed","title":"should return null for non-vendor files","duration":0.8137779999997292,"failureMessages":[],"meta":{}},{"ancestorTitles":["RFC-047: Vendor Library Detection","Dependency Analysis"],"fullName":"RFC-047: Vendor Library Detection Dependency Analysis should find package.json dependencies","status":"passed","title":"should find package.json dependencies","duration":1.2768089999999575,"failureMessages":[],"meta":{}},{"ancestorTitles":["RFC-047: Vendor Library Detection","Dependency Analysis"],"fullName":"RFC-047: Vendor Library Detection Dependency Analysis should check if file belongs to known dependency","status":"passed","title":"should check if file belongs to known dependency","duration":0.49329100000022663,"failureMessages":[],"meta":{}},{"ancestorTitles":["RFC-047: Vendor Library Detection","Vulnerability Handling"],"fullName":"RFC-047: Vendor Library Detection Vulnerability Handling should return update action for vendor vulnerabilities","status":"passed","title":"should return update action for vendor vulnerabilities","duration":0.8082909999998265,"failureMessages":[],"meta":{}},{"ancestorTitles":["RFC-047: Vendor Library Detection","Vulnerability Handling"],"fullName":"RFC-047: Vendor Library Detection Vulnerability Handling should return fix action for application vulnerabilities","status":"passed","title":"should return fix action for application vulnerabilities","duration":0.3454850000002807,"failureMessages":[],"meta":{}},{"ancestorTitles":["RFC-047: Vendor Library Detection","Vulnerability Handling"],"fullName":"RFC-047: Vendor Library Detection Vulnerability Handling should not attempt to patch vendor code","status":"passed","title":"should not attempt to patch vendor code","duration":0.550007999999707,"failureMessages":[],"meta":{}},{"ancestorTitles":["RFC-047: Vendor Library Detection","Update Recommendations"],"fullName":"RFC-047: Vendor Library Detection Update Recommendations should recommend safe update version","status":"passed","title":"should recommend safe update version","duration":0.8952699999999822,"failureMessages":[],"meta":{}},{"ancestorTitles":["RFC-047: Vendor Library Detection","Update Recommendations"],"fullName":"RFC-047: Vendor Library Detection Update Recommendations should provide update commands","status":"passed","title":"should provide update commands","duration":0.3872830000000249,"failureMessages":[],"meta":{}},{"ancestorTitles":["RFC-047: Vendor Library Detection","Issue Creation"],"fullName":"RFC-047: Vendor Library Detection Issue Creation should create vendor-specific issue","status":"passed","title":"should create vendor-specific issue","duration":0.6251909999996315,"failureMessages":[],"meta":{}},{"ancestorTitles":["RFC-047: Vendor Library Detection","Issue Creation"],"fullName":"RFC-047: Vendor Library Detection Issue Creation should not create patch PR for vendor files","status":"passed","title":"should not create patch PR for vendor files","duration":0.28223899999966306,"failureMessages":[],"meta":{}}],"startTime":1756409382740,"endTime":1756409382753.6252,"status":"passed","message":"","name":"/home/dylan/dev/rsolv/RSOLV-action/src/vendor/__tests__/vendor-detector.test.ts"},{"assertionResults":[{"ancestorTitles":["JiraAdapter Integration Tests"],"fullName":"JiraAdapter Integration Tests should authenticate successfully","status":"skipped","title":"should authenticate successfully","failureMessages":[],"meta":{}},{"ancestorTitles":["JiraAdapter Integration Tests"],"fullName":"JiraAdapter Integration Tests should create and search for test issue","status":"skipped","title":"should create and search for test issue","failureMessages":[],"meta":{}},{"ancestorTitles":["JiraAdapter Integration Tests"],"fullName":"JiraAdapter Integration Tests should add comment to issue","status":"skipped","title":"should add comment to issue","failureMessages":[],"meta":{}},{"ancestorTitles":["JiraAdapter Integration Tests"],"fullName":"JiraAdapter Integration Tests should link external resource","status":"skipped","title":"should link external resource","failureMessages":[],"meta":{}}],"startTime":1756409380659,"endTime":1756409380659,"status":"passed","message":"","name":"/home/dylan/dev/rsolv/RSOLV-action/tests/platforms/jira/jira-integration.test.ts"},{"assertionResults":[{"ancestorTitles":["EnhancedClaudeCodeAdapter","gatherDeepContext"],"fullName":"EnhancedClaudeCodeAdapter gatherDeepContext should gather context successfully","status":"passed","title":"should gather context successfully","duration":1.5920489999998608,"failureMessages":[],"meta":{}},{"ancestorTitles":["EnhancedClaudeCodeAdapter","gatherDeepContext"],"fullName":"EnhancedClaudeCodeAdapter gatherDeepContext should use cached context on second call","status":"passed","title":"should use cached context on second call","duration":0.5669960000000174,"failureMessages":[],"meta":{}},{"ancestorTitles":["EnhancedClaudeCodeAdapter","gatherDeepContext"],"fullName":"EnhancedClaudeCodeAdapter gatherDeepContext should handle errors gracefully","status":"passed","title":"should handle errors gracefully","duration":0.6541999999999462,"failureMessages":[],"meta":{}},{"ancestorTitles":["EnhancedClaudeCodeAdapter","generateEnhancedSolution"],"fullName":"EnhancedClaudeCodeAdapter generateEnhancedSolution should generate enhanced solution with deep context","status":"passed","title":"should generate enhanced solution with deep context","duration":0.9508639999999104,"failureMessages":[],"meta":{}},{"ancestorTitles":["EnhancedClaudeCodeAdapter","generateEnhancedSolution"],"fullName":"EnhancedClaudeCodeAdapter generateEnhancedSolution should use enhanced prompt when provided","status":"passed","title":"should use enhanced prompt when provided","duration":0.6139139999995677,"failureMessages":[],"meta":{}},{"ancestorTitles":["EnhancedClaudeCodeAdapter","integration with context caching"],"fullName":"EnhancedClaudeCodeAdapter integration with context caching should build proper context gathering prompt","status":"passed","title":"should build proper context gathering prompt","duration":0.3364310000001751,"failureMessages":[],"meta":{}},{"ancestorTitles":["EnhancedClaudeCodeAdapter","integration with context caching"],"fullName":"EnhancedClaudeCodeAdapter integration with context caching should create minimal context correctly","status":"passed","title":"should create minimal context correctly","duration":0.3562729999998737,"failureMessages":[],"meta":{}}],"startTime":1756409382927,"endTime":1756409382932.3562,"status":"passed","message":"","name":"/home/dylan/dev/rsolv/RSOLV-action/src/ai/adapters/__tests__/claude-code-enhanced.test.ts"},{"assertionResults":[{"ancestorTitles":["GitBasedClaudeCodeAdapter - Data Flow Tests","specificVulnerabilities data flow"],"fullName":"GitBasedClaudeCodeAdapter - Data Flow Tests specificVulnerabilities data flow should pass specificVulnerabilities from issueContext to prompt","status":"passed","title":"should pass specificVulnerabilities from issueContext to prompt","duration":0.4937210000000505,"failureMessages":[],"meta":{}},{"ancestorTitles":["GitBasedClaudeCodeAdapter - Data Flow Tests","specificVulnerabilities data flow"],"fullName":"GitBasedClaudeCodeAdapter - Data Flow Tests specificVulnerabilities data flow should log debug info when specificVulnerabilities are present","status":"passed","title":"should log debug info when specificVulnerabilities are present","duration":0.2823359999999866,"failureMessages":[],"meta":{}},{"ancestorTitles":["GitBasedClaudeCodeAdapter - Data Flow Tests","specificVulnerabilities data flow"],"fullName":"GitBasedClaudeCodeAdapter - Data Flow Tests specificVulnerabilities data flow should handle missing specificVulnerabilities gracefully","status":"passed","title":"should handle missing specificVulnerabilities gracefully","duration":0.1373630000000503,"failureMessages":[],"meta":{}},{"ancestorTitles":["GitBasedClaudeCodeAdapter - Data Flow Tests","generateSolution data flow"],"fullName":"GitBasedClaudeCodeAdapter - Data Flow Tests generateSolution data flow should preserve specificVulnerabilities through generateSolution call","status":"passed","title":"should preserve specificVulnerabilities through generateSolution call","duration":0.20742999999993117,"failureMessages":[],"meta":{}}],"startTime":1756409382174,"endTime":1756409382175.2822,"status":"passed","message":"","name":"/home/dylan/dev/rsolv/RSOLV-action/src/ai/adapters/__tests__/claude-code-git-data-flow.test.ts"},{"assertionResults":[{"ancestorTitles":["Claude Code CLI Integration"],"fullName":"Claude Code CLI Integration should check if Claude CLI is available","status":"passed","title":"should check if Claude CLI is available","duration":0.7777169999999387,"failureMessages":[],"meta":{}},{"ancestorTitles":["Claude Code CLI Integration"],"fullName":"Claude Code CLI Integration should construct a proper prompt","status":"passed","title":"should construct a proper prompt","duration":0.4014240000001337,"failureMessages":[],"meta":{}},{"ancestorTitles":["Claude Code CLI Integration"],"fullName":"Claude Code CLI Integration should generate a real solution using Claude CLI","status":"skipped","title":"should generate a real solution using Claude CLI","failureMessages":[],"meta":{}}],"startTime":1756409383435,"endTime":1756409383436.4014,"status":"passed","message":"","name":"/home/dylan/dev/rsolv/RSOLV-action/src/ai/adapters/__tests__/claude-code-integration.test.ts"},{"assertionResults":[{"ancestorTitles":["Claude Code SDK Adapter","Basic Operations"],"fullName":"Claude Code SDK Adapter Basic Operations should initialize with correct configuration","status":"passed","title":"should initialize with correct configuration","duration":1.8987660000000233,"failureMessages":[],"meta":{}},{"ancestorTitles":["Claude Code SDK Adapter","Basic Operations"],"fullName":"Claude Code SDK Adapter Basic Operations should handle generateSolution request correctly","status":"passed","title":"should handle generateSolution request correctly","duration":3.45288800000003,"failureMessages":[],"meta":{}},{"ancestorTitles":["Claude Code SDK Adapter","Basic Operations"],"fullName":"Claude Code SDK Adapter Basic Operations should handle empty response gracefully","status":"passed","title":"should handle empty response gracefully","duration":1.2677139999999554,"failureMessages":[],"meta":{}},{"ancestorTitles":["Claude Code SDK Adapter","Error Handling"],"fullName":"Claude Code SDK Adapter Error Handling should handle query errors gracefully","status":"passed","title":"should handle query errors gracefully","duration":0.8556149999999434,"failureMessages":[],"meta":{}},{"ancestorTitles":["Claude Code SDK Adapter","Error Handling"],"fullName":"Claude Code SDK Adapter Error Handling should handle invalid JSON response","status":"passed","title":"should handle invalid JSON response","duration":0.7148459999999659,"failureMessages":[],"meta":{}},{"ancestorTitles":["Claude Code SDK Adapter","Configuration Options"],"fullName":"Claude Code SDK Adapter Configuration Options should handle missing API key","status":"passed","title":"should handle missing API key","duration":0.5435320000000274,"failureMessages":[],"meta":{}},{"ancestorTitles":["Claude Code SDK Adapter","Configuration Options"],"fullName":"Claude Code SDK Adapter Configuration Options should respect timeout configuration","status":"passed","title":"should respect timeout configuration","duration":200.99750800000004,"failureMessages":[],"meta":{}},{"ancestorTitles":["Claude Code SDK Adapter","Complex Scenarios"],"fullName":"Claude Code SDK Adapter Complex Scenarios should handle multiple file changes","status":"passed","title":"should handle multiple file changes","duration":1.3065389999999297,"failureMessages":[],"meta":{}},{"ancestorTitles":["Claude Code SDK Adapter","Complex Scenarios"],"fullName":"Claude Code SDK Adapter Complex Scenarios should handle security vulnerabilities in input","status":"passed","title":"should handle security vulnerabilities in input","duration":0.8777509999999893,"failureMessages":[],"meta":{}},{"ancestorTitles":["Claude Code SDK Adapter","Complex Scenarios"],"fullName":"Claude Code SDK Adapter Complex Scenarios should handle retry logic","status":"passed","title":"should handle retry logic","duration":1.852004000000079,"failureMessages":[],"meta":{}},{"ancestorTitles":["Claude Code SDK Adapter","Message Formatting"],"fullName":"Claude Code SDK Adapter Message Formatting should format system message correctly","status":"passed","title":"should format system message correctly","duration":1.5215359999999691,"failureMessages":[],"meta":{}},{"ancestorTitles":["Claude Code SDK Adapter","Message Formatting"],"fullName":"Claude Code SDK Adapter Message Formatting should include file contents in message","status":"passed","title":"should include file contents in message","duration":1.2541079999998601,"failureMessages":[],"meta":{}},{"ancestorTitles":["Claude Code SDK Adapter","Edge Cases"],"fullName":"Claude Code SDK Adapter Edge Cases should handle very large responses","status":"passed","title":"should handle very large responses","duration":2.963567000000012,"failureMessages":[],"meta":{}},{"ancestorTitles":["Claude Code SDK Adapter","Edge Cases"],"fullName":"Claude Code SDK Adapter Edge Cases should handle special characters in paths","status":"passed","title":"should handle special characters in paths","duration":1.7436640000000807,"failureMessages":[],"meta":{}}],"startTime":1756409381540,"endTime":1756409381761.7437,"status":"passed","message":"","name":"/home/dylan/dev/rsolv/RSOLV-action/src/ai/adapters/__tests__/claude-code.test.ts"},{"assertionResults":[{"ancestorTitles":["Two-Phase Claude Code Conversation","RED Phase - Current Single-Phase Failures"],"fullName":"Two-Phase Claude Code Conversation RED Phase - Current Single-Phase Failures should fail with single-phase approach (files not edited)","status":"passed","title":"should fail with single-phase approach (files not edited)","duration":1.5772759999999835,"failureMessages":[],"meta":{}},{"ancestorTitles":["Two-Phase Claude Code Conversation","GREEN Phase - Two-Phase Solution"],"fullName":"Two-Phase Claude Code Conversation GREEN Phase - Two-Phase Solution should successfully edit files then provide JSON with two-phase approach","status":"passed","title":"should successfully edit files then provide JSON with two-phase approach","duration":1.316428999999971,"failureMessages":[],"meta":{}},{"ancestorTitles":["Two-Phase Claude Code Conversation","GREEN Phase - Two-Phase Solution"],"fullName":"Two-Phase Claude Code Conversation GREEN Phase - Two-Phase Solution should handle conversation flow correctly","status":"passed","title":"should handle conversation flow correctly","duration":0.7344330000000809,"failureMessages":[],"meta":{}},{"ancestorTitles":["Two-Phase Claude Code Conversation","REFACTOR Phase - Optimized Implementation"],"fullName":"Two-Phase Claude Code Conversation REFACTOR Phase - Optimized Implementation should use clean separation of concerns","status":"passed","title":"should use clean separation of concerns","duration":0.17120500000009997,"failureMessages":[],"meta":{}},{"ancestorTitles":["Two-Phase Claude Code Conversation","REFACTOR Phase - Optimized Implementation"],"fullName":"Two-Phase Claude Code Conversation REFACTOR Phase - Optimized Implementation should handle phase failures gracefully","status":"passed","title":"should handle phase failures gracefully","duration":0.35442200000011326,"failureMessages":[],"meta":{}},{"ancestorTitles":["Two-Phase Claude Code Conversation","REFACTOR Phase - Optimized Implementation"],"fullName":"Two-Phase Claude Code Conversation REFACTOR Phase - Optimized Implementation should maintain conversation context between phases","status":"passed","title":"should maintain conversation context between phases","duration":0.5720900000001166,"failureMessages":[],"meta":{}},{"ancestorTitles":["Two-Phase Claude Code Conversation","REFACTOR Phase - Optimized Implementation"],"fullName":"Two-Phase Claude Code Conversation REFACTOR Phase - Optimized Implementation should complete within reasonable time","status":"passed","title":"should complete within reasonable time","duration":0.4333280000000741,"failureMessages":[],"meta":{}},{"ancestorTitles":["Two-Phase Claude Code Conversation","Integration Tests"],"fullName":"Two-Phase Claude Code Conversation Integration Tests should work with real Claude Code SDK","status":"passed","title":"should work with real Claude Code SDK","duration":0.5193429999999353,"failureMessages":[],"meta":{}}],"startTime":1756409381858,"endTime":1756409381864.5193,"status":"passed","message":"","name":"/home/dylan/dev/rsolv/RSOLV-action/src/ai/adapters/__tests__/two-phase-conversation.test.ts"},{"assertionResults":[{"ancestorTitles":["Vendor Detection TDD - File Extraction from Validation Data","Current Bug: Empty validation vulnerabilities array"],"fullName":"Vendor Detection TDD - File Extraction from Validation Data Current Bug: Empty validation vulnerabilities array should extract files when validation data has empty vulnerabilities array","status":"passed","title":"should extract files when validation data has empty vulnerabilities array","duration":0.4416260000002694,"failureMessages":[],"meta":{}},{"ancestorTitles":["Vendor Detection TDD - File Extraction from Validation Data","Possible Structure 1: Vulnerabilities directly in validation data"],"fullName":"Vendor Detection TDD - File Extraction from Validation Data Possible Structure 1: Vulnerabilities directly in validation data should extract file from vulnerability with \"file\" property","status":"passed","title":"should extract file from vulnerability with \"file\" property","duration":0.24280999999973574,"failureMessages":[],"meta":{}},{"ancestorTitles":["Vendor Detection TDD - File Extraction from Validation Data","Possible Structure 2: Vulnerabilities with different property names"],"fullName":"Vendor Detection TDD - File Extraction from Validation Data Possible Structure 2: Vulnerabilities with different property names should handle vulnerability with \"path\" instead of \"file\"","status":"passed","title":"should handle vulnerability with \"path\" instead of \"file\"","duration":0.14980599999989863,"failureMessages":[],"meta":{}},{"ancestorTitles":["Vendor Detection TDD - File Extraction from Validation Data","Possible Structure 2: Vulnerabilities with different property names"],"fullName":"Vendor Detection TDD - File Extraction from Validation Data Possible Structure 2: Vulnerabilities with different property names should handle vulnerability with \"location\" property","status":"passed","title":"should handle vulnerability with \"location\" property","duration":0.11632700000018303,"failureMessages":[],"meta":{}},{"ancestorTitles":["Vendor Detection TDD - File Extraction from Validation Data","Robust file extraction function"],"fullName":"Vendor Detection TDD - File Extraction from Validation Data Robust file extraction function should handle all possible vulnerability structures","status":"passed","title":"should handle all possible vulnerability structures","duration":0.2826329999998052,"failureMessages":[],"meta":{}},{"ancestorTitles":["Vendor Detection TDD - File Extraction from Validation Data","Vendor detection with proper types"],"fullName":"Vendor Detection TDD - File Extraction from Validation Data Vendor detection with proper types should detect vendor files correctly","status":"passed","title":"should detect vendor files correctly","duration":0.1277469999999994,"failureMessages":[],"meta":{}}],"startTime":1756409382951,"endTime":1756409382953.2827,"status":"passed","message":"","name":"/home/dylan/dev/rsolv/RSOLV-action/src/modes/phase-executor/__tests__/vendor-detection-tdd.test.ts"},{"assertionResults":[{"ancestorTitles":["ElixirASTAnalyzer - Integration","end-to-end workflow"],"fullName":"ElixirASTAnalyzer - Integration end-to-end workflow should complete full analysis workflow","status":"passed","title":"should complete full analysis workflow","duration":1.0685120000002826,"failureMessages":[],"meta":{}},{"ancestorTitles":["ElixirASTAnalyzer - Integration","end-to-end workflow"],"fullName":"ElixirASTAnalyzer - Integration end-to-end workflow should handle network errors gracefully","status":"passed","title":"should handle network errors gracefully","duration":1.4085999999997512,"failureMessages":[],"meta":{}},{"ancestorTitles":["ElixirASTAnalyzer - Integration","end-to-end workflow"],"fullName":"ElixirASTAnalyzer - Integration end-to-end workflow should handle timeout","status":"passed","title":"should handle timeout","duration":203.75372400000015,"failureMessages":[],"meta":{}},{"ancestorTitles":["ElixirASTAnalyzer - Integration","configuration"],"fullName":"ElixirASTAnalyzer - Integration configuration should validate API key","status":"passed","title":"should validate API key","duration":2.1073810000002595,"failureMessages":[],"meta":{}},{"ancestorTitles":["ElixirASTAnalyzer - Integration","configuration"],"fullName":"ElixirASTAnalyzer - Integration configuration should validate API URL","status":"passed","title":"should validate API URL","duration":1.1989430000003267,"failureMessages":[],"meta":{}},{"ancestorTitles":["ElixirASTAnalyzer - Integration","resource management"],"fullName":"ElixirASTAnalyzer - Integration resource management should not leak memory with multiple analyses","status":"passed","title":"should not leak memory with multiple analyses","duration":0.47688099999959377,"failureMessages":[],"meta":{}},{"ancestorTitles":["ElixirASTAnalyzer - Integration","resource management"],"fullName":"ElixirASTAnalyzer - Integration resource management should cleanup all resources on cleanup","status":"passed","title":"should cleanup all resources on cleanup","duration":0.5030079999996815,"failureMessages":[],"meta":{}}],"startTime":1756409382992,"endTime":1756409383203.503,"status":"passed","message":"","name":"/home/dylan/dev/rsolv/RSOLV-action/src/security/analyzers/__tests__/elixir-ast-analyzer.test.ts"},{"assertionResults":[{"ancestorTitles":["IssueBodyParser","parseIssueBody"],"fullName":"IssueBodyParser parseIssueBody should parse single file with single vulnerability","status":"passed","title":"should parse single file with single vulnerability","duration":0.4617630000002464,"failureMessages":[],"meta":{}},{"ancestorTitles":["IssueBodyParser","parseIssueBody"],"fullName":"IssueBodyParser parseIssueBody should parse multiple files with multiple vulnerabilities","status":"passed","title":"should parse multiple files with multiple vulnerabilities","duration":0.315422000000126,"failureMessages":[],"meta":{}},{"ancestorTitles":["IssueBodyParser","parseIssueBody"],"fullName":"IssueBodyParser parseIssueBody should handle files with no vulnerabilities gracefully","status":"passed","title":"should handle files with no vulnerabilities gracefully","duration":0.15582399999993868,"failureMessages":[],"meta":{}},{"ancestorTitles":["IssueBodyParser","parseIssueBody"],"fullName":"IssueBodyParser parseIssueBody should handle malformed issue body without crashing","status":"passed","title":"should handle malformed issue body without crashing","duration":0.0874140000000807,"failureMessages":[],"meta":{}},{"ancestorTitles":["IssueBodyParser","parseIssueBody"],"fullName":"IssueBodyParser parseIssueBody should extract vulnerability type correctly","status":"passed","title":"should extract vulnerability type correctly","duration":0.10779100000036124,"failureMessages":[],"meta":{}},{"ancestorTitles":["IssueBodyParser","parseIssueBody"],"fullName":"IssueBodyParser parseIssueBody should handle special characters in file paths","status":"passed","title":"should handle special characters in file paths","duration":0.06376399999999194,"failureMessages":[],"meta":{}},{"ancestorTitles":["IssueBodyParser","enhanceValidationData"],"fullName":"IssueBodyParser enhanceValidationData should replace unknown.js with actual filenames","status":"passed","title":"should replace unknown.js with actual filenames","duration":0.24696199999971213,"failureMessages":[],"meta":{}},{"ancestorTitles":["IssueBodyParser","enhanceValidationData"],"fullName":"IssueBodyParser enhanceValidationData should handle multiple vulnerabilities and match by line number","status":"passed","title":"should handle multiple vulnerabilities and match by line number","duration":0.18117799999981798,"failureMessages":[],"meta":{}},{"ancestorTitles":["IssueBodyParser","enhanceValidationData"],"fullName":"IssueBodyParser enhanceValidationData should preserve validation data that cannot be matched","status":"passed","title":"should preserve validation data that cannot be matched","duration":0.11183400000027177,"failureMessages":[],"meta":{}}],"startTime":1756409382877,"endTime":1756409382879.1118,"status":"passed","message":"","name":"/home/dylan/dev/rsolv/RSOLV-action/src/modes/phase-executor/utils/__tests__/issue-body-parser.test.ts"}]}
